2023-02-22 00:00:02.132 [JavaFX Application Thread] INFO  org.lukashchuk.appll.services.ApplianceService - IN getAll - 29 appliance found
2023-02-22 00:00:02.143 [JavaFX Application Thread] INFO  org.lukashchuk.appll.services.ApplianceService - IN sumPower - 505 power sum
2023-02-22 00:00:02.154 [JavaFX Application Thread] INFO  org.lukashchuk.appll.services.ApplianceService - IN getAll - 29 appliance found
2023-02-22 00:15:20.976 [JavaFX Application Thread] INFO  org.lukashchuk.appll.services.ApplianceService - IN getAll - 29 appliance found
2023-02-22 00:15:20.990 [JavaFX Application Thread] INFO  org.lukashchuk.appll.services.ApplianceService - IN sumPower - 505 power sum
2023-02-22 00:15:20.996 [JavaFX Application Thread] INFO  org.lukashchuk.appll.services.ApplianceService - IN getAll - 29 appliance found
2023-02-22 00:16:40.072 [JavaFX Application Thread] INFO  org.lukashchuk.appll.services.ApplianceService - IN getAll - 29 appliance found
2023-02-22 00:16:40.085 [JavaFX Application Thread] INFO  org.lukashchuk.appll.services.ApplianceService - IN sumPower - 505 power sum
2023-02-22 00:16:40.095 [JavaFX Application Thread] INFO  org.lukashchuk.appll.services.ApplianceService - IN getAll - 29 appliance found
2023-02-22 00:18:03.669 [JavaFX Application Thread] INFO  org.lukashchuk.appll.services.ApplianceService - IN getAll - 29 appliance found
2023-02-22 00:18:03.678 [JavaFX Application Thread] INFO  org.lukashchuk.appll.services.ApplianceService - IN sumPower - 505 power sum
2023-02-22 00:18:03.689 [JavaFX Application Thread] INFO  org.lukashchuk.appll.services.ApplianceService - IN getAll - 29 appliance found
2023-02-22 00:20:22.570 [JavaFX Application Thread] INFO  org.lukashchuk.appll.services.ApplianceService - IN getAll - 29 appliance found
2023-02-22 00:20:22.579 [JavaFX Application Thread] INFO  org.lukashchuk.appll.services.ApplianceService - IN sumPower - 505 power sum
2023-02-22 00:20:22.587 [JavaFX Application Thread] INFO  org.lukashchuk.appll.services.ApplianceService - IN getAll - 29 appliance found
2023-02-22 00:21:15.976 [JavaFX Application Thread] INFO  org.lukashchuk.appll.services.ApplianceService - IN getAll - 29 appliance found
2023-02-22 00:21:15.985 [JavaFX Application Thread] INFO  org.lukashchuk.appll.services.ApplianceService - IN sumPower - 505 power sum
2023-02-22 00:21:15.991 [JavaFX Application Thread] INFO  org.lukashchuk.appll.services.ApplianceService - IN getAll - 29 appliance found
2023-02-22 00:23:17.933 [JavaFX Application Thread] INFO  org.lukashchuk.appll.services.ApplianceService - IN getAll - 29 appliance found
2023-02-22 00:23:17.944 [JavaFX Application Thread] INFO  org.lukashchuk.appll.services.ApplianceService - IN sumPower - 505 power sum
2023-02-22 00:23:17.950 [JavaFX Application Thread] INFO  org.lukashchuk.appll.services.ApplianceService - IN getAll - 29 appliance found
2023-02-22 00:23:50.559 [JavaFX Application Thread] INFO  org.lukashchuk.appll.services.ApplianceService - IN getAll - 29 appliance found
2023-02-22 00:23:50.568 [JavaFX Application Thread] INFO  org.lukashchuk.appll.services.ApplianceService - IN sumPower - 505 power sum
2023-02-22 00:23:50.573 [JavaFX Application Thread] INFO  org.lukashchuk.appll.services.ApplianceService - IN getAll - 29 appliance found
2023-02-22 00:24:03.024 [JavaFX Application Thread] INFO  org.lukashchuk.appll.services.ApplianceService - IN getAll - 29 appliance found
2023-02-22 00:24:03.032 [JavaFX Application Thread] INFO  org.lukashchuk.appll.services.ApplianceService - IN sumPower - 505 power sum
2023-02-22 00:24:03.044 [JavaFX Application Thread] INFO  org.lukashchuk.appll.services.ApplianceService - IN getAll - 29 appliance found
2023-02-22 00:24:03.054 [JavaFX Application Thread] INFO  org.lukashchuk.appll.services.ApplianceService - IN sumPower - 505 power sum
2023-02-22 10:32:59.591 [JavaFX Application Thread] INFO  org.lukashchuk.appll.services.ApplianceService - IN getAll - 29 appliance found
2023-02-22 10:32:59.600 [JavaFX Application Thread] INFO  org.lukashchuk.appll.services.ApplianceService - IN sumPower - 505 power sum
2023-02-22 10:32:59.604 [JavaFX Application Thread] INFO  org.lukashchuk.appll.services.ApplianceService - IN getAll - 29 appliance found
2023-02-22 10:33:09.718 [JavaFX Application Thread] INFO  org.lukashchuk.appll.services.ApplianceService - IN add - monitor1 appliance updated at id = 12
2023-02-22 10:33:15.329 [JavaFX Application Thread] INFO  org.lukashchuk.appll.services.ApplianceService - IN getAll - 29 appliance found
2023-02-22 10:33:15.335 [JavaFX Application Thread] INFO  org.lukashchuk.appll.services.ApplianceService - IN sumPower - 505 power sum
2023-02-22 10:35:30.503 [JavaFX Application Thread] INFO  org.lukashchuk.appll.services.ApplianceService - IN getAll - 29 appliance found
2023-02-22 10:35:30.512 [JavaFX Application Thread] INFO  org.lukashchuk.appll.services.ApplianceService - IN sumPower - 505 power sum
2023-02-22 10:35:30.518 [JavaFX Application Thread] INFO  org.lukashchuk.appll.services.ApplianceService - IN getAll - 29 appliance found
2023-02-22 10:35:37.470 [JavaFX Application Thread] INFO  org.lukashchuk.appll.services.ApplianceService - IN getAll - 29 appliance found
2023-02-22 10:35:37.476 [JavaFX Application Thread] INFO  org.lukashchuk.appll.services.ApplianceService - IN sumPower - 505 power sum
2023-02-22 10:35:37.486 [JavaFX Application Thread] INFO  org.lukashchuk.appll.services.ApplianceService - IN getAll - 29 appliance found
2023-02-22 10:35:37.492 [JavaFX Application Thread] INFO  org.lukashchuk.appll.services.ApplianceService - IN sumPower - 505 power sum
2023-02-22 10:38:34.176 [JavaFX Application Thread] INFO  org.lukashchuk.appll.services.ApplianceService - IN getAll - 29 appliance found
2023-02-22 10:38:34.185 [JavaFX Application Thread] INFO  org.lukashchuk.appll.services.ApplianceService - IN sumPower - 505 power sum
2023-02-22 10:38:34.190 [JavaFX Application Thread] INFO  org.lukashchuk.appll.services.ApplianceService - IN getAll - 29 appliance found
2023-02-22 10:38:39.659 [JavaFX Application Thread] INFO  org.lukashchuk.appll.services.ApplianceService - IN getAll - 29 appliance found
2023-02-22 10:38:39.665 [JavaFX Application Thread] INFO  org.lukashchuk.appll.services.ApplianceService - IN sumPower - 505 power sum
2023-02-22 10:38:41.280 [JavaFX Application Thread] INFO  org.lukashchuk.appll.services.ApplianceService - IN getAll - 29 appliance found
2023-02-22 10:38:41.285 [JavaFX Application Thread] INFO  org.lukashchuk.appll.services.ApplianceService - IN sumPower - 505 power sum
2023-02-22 10:38:41.294 [JavaFX Application Thread] INFO  org.lukashchuk.appll.services.ApplianceService - IN getAll - 29 appliance found
2023-02-22 10:38:41.299 [JavaFX Application Thread] INFO  org.lukashchuk.appll.services.ApplianceService - IN sumPower - 505 power sum
2023-02-22 10:38:45.466 [JavaFX Application Thread] INFO  org.lukashchuk.appll.services.ApplianceService - IN getAll - 29 appliance found
2023-02-22 10:38:45.473 [JavaFX Application Thread] INFO  org.lukashchuk.appll.services.ApplianceService - IN sumPower - 505 power sum
2023-02-22 10:38:52.300 [JavaFX Application Thread] INFO  org.lukashchuk.appll.services.ApplianceService - IN add - 123 appliance updated at id = 36
2023-02-22 10:38:54.460 [JavaFX Application Thread] INFO  org.lukashchuk.appll.services.ApplianceService - IN getAll - 29 appliance found
2023-02-22 10:38:54.466 [JavaFX Application Thread] INFO  org.lukashchuk.appll.services.ApplianceService - IN sumPower - 505 power sum
2023-02-22 10:38:58.578 [JavaFX Application Thread] INFO  org.lukashchuk.appll.services.ApplianceService - IN getAll - 29 appliance found
2023-02-22 10:38:58.582 [JavaFX Application Thread] INFO  org.lukashchuk.appll.services.ApplianceService - IN sumPower - 505 power sum
2023-02-22 10:39:03.027 [JavaFX Application Thread] INFO  org.lukashchuk.appll.services.ApplianceService - IN getAll - 29 appliance found
2023-02-22 10:39:03.036 [JavaFX Application Thread] INFO  org.lukashchuk.appll.services.ApplianceService - IN sumPower - 505 power sum
2023-02-22 10:39:03.041 [JavaFX Application Thread] INFO  org.lukashchuk.appll.services.ApplianceService - IN getAll - 29 appliance found
2023-02-22 10:43:07.520 [JavaFX Application Thread] INFO  org.lukashchuk.appll.services.ApplianceService - IN getAll - 29 appliance found
2023-02-22 10:43:07.529 [JavaFX Application Thread] INFO  org.lukashchuk.appll.services.ApplianceService - IN sumPower - 505 power sum
2023-02-22 10:43:07.534 [JavaFX Application Thread] INFO  org.lukashchuk.appll.services.ApplianceService - IN getAll - 29 appliance found
2023-02-22 10:43:22.232 [JavaFX Application Thread] INFO  org.lukashchuk.appll.services.ApplianceService - IN getAll - 29 appliance found
2023-02-22 10:43:22.241 [JavaFX Application Thread] INFO  org.lukashchuk.appll.services.ApplianceService - IN sumPower - 505 power sum
2023-02-22 10:43:22.246 [JavaFX Application Thread] INFO  org.lukashchuk.appll.services.ApplianceService - IN getAll - 29 appliance found
2023-02-22 10:43:30.838 [JavaFX Application Thread] INFO  org.lukashchuk.appll.services.ApplianceService - IN add - 2 appliance updated at id = 29
2023-02-22 10:43:30.849 [JavaFX Application Thread] INFO  org.lukashchuk.appll.services.ApplianceService - IN getAll - 29 appliance found
2023-02-22 10:43:30.854 [JavaFX Application Thread] INFO  org.lukashchuk.appll.services.ApplianceService - IN sumPower - 505 power sum
2023-02-22 10:43:30.858 [JavaFX Application Thread] INFO  org.lukashchuk.appll.services.ApplianceService - IN getAll - 29 appliance found
2023-02-22 10:43:38.461 [JavaFX Application Thread] INFO  org.lukashchuk.appll.services.ApplianceService - IN add - 85 appliance updated at id = 34
2023-02-22 10:43:38.472 [JavaFX Application Thread] INFO  org.lukashchuk.appll.services.ApplianceService - IN getAll - 29 appliance found
2023-02-22 10:43:38.478 [JavaFX Application Thread] INFO  org.lukashchuk.appll.services.ApplianceService - IN sumPower - 505 power sum
2023-02-22 10:43:38.482 [JavaFX Application Thread] INFO  org.lukashchuk.appll.services.ApplianceService - IN getAll - 29 appliance found
2023-02-22 10:48:58.123 [JavaFX Application Thread] INFO  org.lukashchuk.appll.services.ApplianceService - IN getAll - 29 appliance found
2023-02-22 10:48:58.128 [JavaFX Application Thread] INFO  org.lukashchuk.appll.services.ApplianceService - IN sumPower - 505 power sum
2023-02-22 10:48:58.138 [JavaFX Application Thread] INFO  org.lukashchuk.appll.services.ApplianceService - IN getAll - 29 appliance found
2023-02-22 10:48:58.145 [JavaFX Application Thread] INFO  org.lukashchuk.appll.services.ApplianceService - IN sumPower - 505 power sum
2023-02-22 10:53:08.227 [JavaFX Application Thread] INFO  org.lukashchuk.appll.services.ApplianceService - IN getAll - 29 appliance found
2023-02-22 10:53:08.236 [JavaFX Application Thread] INFO  org.lukashchuk.appll.services.ApplianceService - IN sumPower - 505 power sum
2023-02-22 10:53:08.241 [JavaFX Application Thread] INFO  org.lukashchuk.appll.services.ApplianceService - IN getAll - 29 appliance found
2023-02-22 10:53:12.099 [JavaFX Application Thread] INFO  org.lukashchuk.appll.services.ApplianceService - IN add - 3 appliance updated
2023-02-22 10:53:12.103 [JavaFX Application Thread] INFO  org.lukashchuk.appll.services.ApplianceService - IN getAll - 29 appliance found
2023-02-22 10:53:12.110 [JavaFX Application Thread] INFO  org.lukashchuk.appll.services.ApplianceService - IN sumPower - 502 power sum
2023-02-22 10:53:13.498 [JavaFX Application Thread] INFO  org.lukashchuk.appll.services.ApplianceService - IN add - 10 appliance updated
2023-02-22 10:53:13.502 [JavaFX Application Thread] INFO  org.lukashchuk.appll.services.ApplianceService - IN getAll - 29 appliance found
2023-02-22 10:53:13.508 [JavaFX Application Thread] INFO  org.lukashchuk.appll.services.ApplianceService - IN sumPower - 500 power sum
2023-02-22 10:53:14.894 [JavaFX Application Thread] INFO  org.lukashchuk.appll.services.ApplianceService - IN add - 11 appliance updated
2023-02-22 10:53:14.898 [JavaFX Application Thread] INFO  org.lukashchuk.appll.services.ApplianceService - IN getAll - 29 appliance found
2023-02-22 10:53:14.904 [JavaFX Application Thread] INFO  org.lukashchuk.appll.services.ApplianceService - IN sumPower - 300 power sum
2023-02-22 10:53:20.020 [JavaFX Application Thread] INFO  org.lukashchuk.appll.services.ApplianceService - IN add - 16 appliance updated
2023-02-22 10:53:20.023 [JavaFX Application Thread] INFO  org.lukashchuk.appll.services.ApplianceService - IN getAll - 29 appliance found
2023-02-22 10:53:20.028 [JavaFX Application Thread] INFO  org.lukashchuk.appll.services.ApplianceService - IN sumPower - 0 power sum
2023-02-22 10:53:24.881 [JavaFX Application Thread] INFO  org.lukashchuk.appll.services.ApplianceService - IN getAll - 29 appliance found
2023-02-22 10:53:24.892 [JavaFX Application Thread] INFO  org.lukashchuk.appll.services.ApplianceService - IN sumPower - 0 power sum
2023-02-22 10:53:24.898 [JavaFX Application Thread] INFO  org.lukashchuk.appll.services.ApplianceService - IN getAll - 29 appliance found
2023-02-22 11:10:25.002 [JavaFX Application Thread] INFO  org.lukashchuk.appll.services.ApplianceService - IN getAll - 29 appliance found
2023-02-22 11:10:25.011 [JavaFX Application Thread] INFO  org.lukashchuk.appll.services.ApplianceService - IN sumPower - 0 power sum
2023-02-22 11:10:25.019 [JavaFX Application Thread] INFO  org.lukashchuk.appll.services.ApplianceService - IN getAll - 29 appliance found
2023-02-22 11:10:29.188 [JavaFX Application Thread] INFO  org.lukashchuk.appll.services.ApplianceService - IN sortByPower - 9 appliances sorted
2023-02-22 11:10:29.191 [JavaFX Application Thread] INFO  org.lukashchuk.appll.services.ApplianceService - IN getAll - 29 appliance found
2023-02-22 11:10:29.196 [JavaFX Application Thread] INFO  org.lukashchuk.appll.services.ApplianceService - IN sumPower - 0 power sum
2023-02-22 11:10:30.543 [JavaFX Application Thread] INFO  org.lukashchuk.appll.services.ApplianceService - IN sortByPower - 9 appliances sorted
2023-02-22 11:10:30.546 [JavaFX Application Thread] INFO  org.lukashchuk.appll.services.ApplianceService - IN getAll - 29 appliance found
2023-02-22 11:10:30.552 [JavaFX Application Thread] INFO  org.lukashchuk.appll.services.ApplianceService - IN sumPower - 0 power sum
2023-02-22 11:12:30.311 [JavaFX Application Thread] INFO  org.lukashchuk.appll.services.ApplianceService - IN getAll - 29 appliance found
2023-02-22 11:12:30.322 [JavaFX Application Thread] INFO  org.lukashchuk.appll.services.ApplianceService - IN sumPower - 0 power sum
2023-02-22 11:12:30.327 [JavaFX Application Thread] INFO  org.lukashchuk.appll.services.ApplianceService - IN getAll - 29 appliance found
2023-02-22 11:12:34.114 [JavaFX Application Thread] INFO  org.lukashchuk.appll.services.ApplianceService - IN sortByPower - 9 appliances sorted
2023-02-22 11:12:34.119 [JavaFX Application Thread] INFO  org.lukashchuk.appll.services.ApplianceService - IN sumPower - 0 power sum
2023-02-22 11:12:50.289 [JavaFX Application Thread] INFO  org.lukashchuk.appll.services.ApplianceService - IN getAll - 29 appliance found
2023-02-22 11:12:50.298 [JavaFX Application Thread] INFO  org.lukashchuk.appll.services.ApplianceService - IN sumPower - 0 power sum
2023-02-22 11:12:50.303 [JavaFX Application Thread] INFO  org.lukashchuk.appll.services.ApplianceService - IN getAll - 29 appliance found
2023-02-22 11:12:52.183 [JavaFX Application Thread] INFO  org.lukashchuk.appll.services.ApplianceService - IN getAll - 29 appliance found
2023-02-22 11:12:52.189 [JavaFX Application Thread] INFO  org.lukashchuk.appll.services.ApplianceService - IN sumPower - 0 power sum
2023-02-22 11:12:53.663 [JavaFX Application Thread] INFO  org.lukashchuk.appll.services.ApplianceService - IN sortByPower - 9 appliances sorted
2023-02-22 11:12:53.669 [JavaFX Application Thread] INFO  org.lukashchuk.appll.services.ApplianceService - IN sumPower - 0 power sum
2023-02-22 11:12:55.547 [JavaFX Application Thread] INFO  org.lukashchuk.appll.services.ApplianceService - IN getAll - 29 appliance found
2023-02-22 11:12:55.552 [JavaFX Application Thread] INFO  org.lukashchuk.appll.services.ApplianceService - IN sumPower - 0 power sum
2023-02-22 11:13:01.632 [JavaFX Application Thread] INFO  org.lukashchuk.appll.services.ApplianceService - IN getAll - 29 appliance found
2023-02-22 11:13:01.640 [JavaFX Application Thread] INFO  org.lukashchuk.appll.services.ApplianceService - IN sumPower - 0 power sum
2023-02-22 11:13:01.644 [JavaFX Application Thread] INFO  org.lukashchuk.appll.services.ApplianceService - IN getAll - 29 appliance found
2023-02-22 11:13:03.997 [JavaFX Application Thread] INFO  org.lukashchuk.appll.services.ApplianceService - IN sortByPower - 9 appliances sorted
2023-02-22 11:13:04.004 [JavaFX Application Thread] INFO  org.lukashchuk.appll.services.ApplianceService - IN sumPower - 0 power sum
2023-02-22 11:14:06.591 [JavaFX Application Thread] INFO  org.lukashchuk.appll.services.ApplianceService - IN getAll - 29 appliance found
2023-02-22 11:14:06.599 [JavaFX Application Thread] INFO  org.lukashchuk.appll.services.ApplianceService - IN sumPower - 0 power sum
2023-02-22 11:14:06.607 [JavaFX Application Thread] INFO  org.lukashchuk.appll.services.ApplianceService - IN getAll - 29 appliance found
2023-02-22 11:14:09.335 [JavaFX Application Thread] INFO  org.lukashchuk.appll.services.ApplianceService - IN sortByPower - 9 appliances sorted
2023-02-22 11:14:16.659 [JavaFX Application Thread] INFO  org.lukashchuk.appll.services.ApplianceService - IN findInRange - 7 appliances found in range from 2 to 2
2023-02-22 11:14:23.829 [JavaFX Application Thread] INFO  org.lukashchuk.appll.services.ApplianceService - IN findInRange - 7 appliances found in range from 2 to 2
2023-02-22 11:14:26.224 [JavaFX Application Thread] INFO  org.lukashchuk.appll.services.ApplianceService - IN findInRange - 0 appliances found in range from 1 to 1
2023-02-22 11:14:52.424 [JavaFX Application Thread] INFO  org.lukashchuk.appll.services.ApplianceService - IN getAll - 29 appliance found
2023-02-22 11:14:52.435 [JavaFX Application Thread] INFO  org.lukashchuk.appll.services.ApplianceService - IN sumPower - 0 power sum
2023-02-22 11:14:52.444 [JavaFX Application Thread] INFO  org.lukashchuk.appll.services.ApplianceService - IN getAll - 29 appliance found
2023-02-22 11:15:04.687 [JavaFX Application Thread] INFO  org.lukashchuk.appll.services.ApplianceService - IN getAll - 29 appliance found
2023-02-22 11:15:04.695 [JavaFX Application Thread] INFO  org.lukashchuk.appll.services.ApplianceService - IN sumPower - 0 power sum
2023-02-22 11:15:04.700 [JavaFX Application Thread] INFO  org.lukashchuk.appll.services.ApplianceService - IN getAll - 29 appliance found
2023-02-22 11:15:07.170 [JavaFX Application Thread] INFO  org.lukashchuk.appll.services.ApplianceService - IN getAll - 29 appliance found
2023-02-22 11:15:07.176 [JavaFX Application Thread] INFO  org.lukashchuk.appll.services.ApplianceService - IN sumPower - 0 power sum
2023-02-22 11:15:10.098 [JavaFX Application Thread] INFO  org.lukashchuk.appll.services.ApplianceService - IN findInRange - 8 appliances found in range from 2 to 200
2023-02-22 11:15:15.076 [JavaFX Application Thread] INFO  org.lukashchuk.appll.services.ApplianceService - IN findInRange - 7 appliances found in range from 2 to 199
2023-02-22 11:15:22.577 [JavaFX Application Thread] INFO  org.lukashchuk.appll.services.ApplianceService - IN add - 20 appliance updated
2023-02-22 11:15:22.581 [JavaFX Application Thread] INFO  org.lukashchuk.appll.services.ApplianceService - IN getAll - 29 appliance found
2023-02-22 11:15:22.587 [JavaFX Application Thread] INFO  org.lukashchuk.appll.services.ApplianceService - IN sumPower - 2 power sum
2023-02-22 11:15:30.434 [JavaFX Application Thread] INFO  org.lukashchuk.appll.services.ApplianceService - IN add - 11 appliance updated
2023-02-22 11:15:30.438 [JavaFX Application Thread] INFO  org.lukashchuk.appll.services.ApplianceService - IN getAll - 29 appliance found
2023-02-22 11:15:30.444 [JavaFX Application Thread] INFO  org.lukashchuk.appll.services.ApplianceService - IN sumPower - 202 power sum
2023-02-22 11:15:32.166 [JavaFX Application Thread] INFO  org.lukashchuk.appll.services.ApplianceService - IN add - 16 appliance updated
2023-02-22 11:15:32.170 [JavaFX Application Thread] INFO  org.lukashchuk.appll.services.ApplianceService - IN getAll - 29 appliance found
2023-02-22 11:15:32.175 [JavaFX Application Thread] INFO  org.lukashchuk.appll.services.ApplianceService - IN sumPower - 502 power sum
2023-02-22 11:26:13.794 [JavaFX Application Thread] INFO  org.lukashchuk.appll.services.ApplianceService - IN getAll - 29 appliance found
2023-02-22 11:26:13.804 [JavaFX Application Thread] INFO  org.lukashchuk.appll.services.ApplianceService - IN sumPower - 502 power sum
2023-02-22 11:26:13.809 [JavaFX Application Thread] INFO  org.lukashchuk.appll.services.ApplianceService - IN getAll - 29 appliance found
2023-02-22 11:49:17.371 [JavaFX Application Thread] INFO  org.lukashchuk.appll.services.ApplianceService - IN getAll - 29 appliance found
2023-02-22 11:49:17.379 [JavaFX Application Thread] INFO  org.lukashchuk.appll.services.ApplianceService - IN sumPower - 502 power sum
2023-02-22 11:49:17.383 [JavaFX Application Thread] INFO  org.lukashchuk.appll.services.ApplianceService - IN getAll - 29 appliance found
2023-02-22 12:43:56.571 [JavaFX Application Thread] INFO  org.lukashchuk.appll.services.ApplianceService - IN getAll - 29 appliance found
2023-02-22 12:43:56.581 [JavaFX Application Thread] INFO  org.lukashchuk.appll.services.ApplianceService - IN sumPower - 502 power sum
2023-02-22 12:43:56.586 [JavaFX Application Thread] INFO  org.lukashchuk.appll.services.ApplianceService - IN getAll - 29 appliance found
2023-02-22 12:44:30.274 [JavaFX Application Thread] INFO  org.lukashchuk.appll.services.ApplianceService - IN getAll - 29 appliance found
2023-02-22 12:44:30.283 [JavaFX Application Thread] INFO  org.lukashchuk.appll.services.ApplianceService - IN sumPower - 502 power sum
2023-02-22 12:44:30.288 [JavaFX Application Thread] INFO  org.lukashchuk.appll.services.ApplianceService - IN getAll - 29 appliance found
2023-02-22 12:45:22.420 [JavaFX Application Thread] INFO  org.lukashchuk.appll.services.ApplianceService - IN getAll - 29 appliance found
2023-02-22 12:45:22.429 [JavaFX Application Thread] INFO  org.lukashchuk.appll.services.ApplianceService - IN sumPower - 502 power sum
2023-02-22 12:45:22.434 [JavaFX Application Thread] INFO  org.lukashchuk.appll.services.ApplianceService - IN getAll - 29 appliance found
2023-02-22 12:45:28.839 [JavaFX Application Thread] INFO  org.lukashchuk.appll.services.ApplianceService - IN getAll - 29 appliance found
2023-02-22 12:45:28.849 [JavaFX Application Thread] INFO  org.lukashchuk.appll.services.ApplianceService - IN sumPower - 502 power sum
2023-02-22 12:45:28.853 [JavaFX Application Thread] INFO  org.lukashchuk.appll.services.ApplianceService - IN getAll - 29 appliance found
2023-02-22 12:45:35.009 [JavaFX Application Thread] INFO  org.lukashchuk.appll.services.ApplianceService - IN getAll - 29 appliance found
2023-02-22 12:45:35.017 [JavaFX Application Thread] INFO  org.lukashchuk.appll.services.ApplianceService - IN sumPower - 502 power sum
2023-02-22 12:45:35.022 [JavaFX Application Thread] INFO  org.lukashchuk.appll.services.ApplianceService - IN getAll - 29 appliance found
2023-02-22 12:45:35.028 [JavaFX Application Thread] INFO  org.lukashchuk.appll.services.ApplianceService - IN sumPower - 502 power sum
2023-02-22 12:45:57.335 [JavaFX Application Thread] INFO  org.lukashchuk.appll.services.ApplianceService - IN getAll - 29 appliance found
2023-02-22 12:45:57.343 [JavaFX Application Thread] INFO  org.lukashchuk.appll.services.ApplianceService - IN sumPower - 502 power sum
2023-02-22 12:45:57.348 [JavaFX Application Thread] INFO  org.lukashchuk.appll.services.ApplianceService - IN getAll - 29 appliance found
2023-02-22 12:46:03.286 [JavaFX Application Thread] INFO  org.lukashchuk.appll.services.ApplianceService - IN getAll - 29 appliance found
2023-02-22 12:46:03.297 [JavaFX Application Thread] INFO  org.lukashchuk.appll.services.ApplianceService - IN sumPower - 502 power sum
2023-02-22 12:46:03.302 [JavaFX Application Thread] INFO  org.lukashchuk.appll.services.ApplianceService - IN getAll - 29 appliance found
2023-02-22 12:46:03.309 [JavaFX Application Thread] INFO  org.lukashchuk.appll.services.ApplianceService - IN sumPower - 502 power sum
2023-02-22 12:46:23.168 [JavaFX Application Thread] INFO  org.lukashchuk.appll.services.ApplianceService - IN getAll - 29 appliance found
2023-02-22 12:46:23.176 [JavaFX Application Thread] INFO  org.lukashchuk.appll.services.ApplianceService - IN sumPower - 502 power sum
2023-02-22 12:46:23.181 [JavaFX Application Thread] INFO  org.lukashchuk.appll.services.ApplianceService - IN getAll - 29 appliance found
2023-02-22 12:46:28.598 [JavaFX Application Thread] INFO  org.lukashchuk.appll.services.ApplianceService - IN add - NameTest appliance added
2023-02-22 12:46:28.608 [JavaFX Application Thread] INFO  org.lukashchuk.appll.services.ApplianceService - IN getAll - 30 appliance found
2023-02-22 12:46:28.615 [JavaFX Application Thread] INFO  org.lukashchuk.appll.services.ApplianceService - IN sumPower - 502 power sum
2023-02-22 12:48:22.891 [JavaFX Application Thread] INFO  org.lukashchuk.appll.services.ApplianceService - IN getAll - 30 appliance found
2023-02-22 12:48:22.899 [JavaFX Application Thread] INFO  org.lukashchuk.appll.services.ApplianceService - IN sumPower - 502 power sum
2023-02-22 12:48:22.904 [JavaFX Application Thread] INFO  org.lukashchuk.appll.services.ApplianceService - IN getAll - 30 appliance found
2023-02-22 12:48:35.391 [JavaFX Application Thread] INFO  org.lukashchuk.appll.services.ApplianceService - IN getAll - 30 appliance found
2023-02-22 12:48:35.400 [JavaFX Application Thread] INFO  org.lukashchuk.appll.services.ApplianceService - IN sumPower - 502 power sum
2023-02-22 12:48:35.404 [JavaFX Application Thread] INFO  org.lukashchuk.appll.services.ApplianceService - IN getAll - 30 appliance found
2023-02-22 12:48:40.817 [JavaFX Application Thread] INFO  org.lukashchuk.appll.services.ApplianceService - IN add - NameTest appliance added
2023-02-22 12:48:40.828 [JavaFX Application Thread] INFO  org.lukashchuk.appll.services.ApplianceService - IN getAll - 31 appliance found
2023-02-22 12:48:40.833 [JavaFX Application Thread] INFO  org.lukashchuk.appll.services.ApplianceService - IN sumPower - 502 power sum
2023-02-22 12:51:58.139 [JavaFX Application Thread] INFO  org.lukashchuk.appll.services.ApplianceService - IN getAll - 31 appliance found
2023-02-22 12:51:58.147 [JavaFX Application Thread] INFO  org.lukashchuk.appll.services.ApplianceService - IN sumPower - 502 power sum
2023-02-22 12:51:58.151 [JavaFX Application Thread] INFO  org.lukashchuk.appll.services.ApplianceService - IN getAll - 31 appliance found
2023-02-22 12:52:03.620 [JavaFX Application Thread] INFO  org.lukashchuk.appll.services.ApplianceService - IN add - NameTest appliance added
2023-02-22 12:52:03.630 [JavaFX Application Thread] INFO  org.lukashchuk.appll.services.ApplianceService - IN getAll - 32 appliance found
2023-02-22 12:52:03.637 [JavaFX Application Thread] INFO  org.lukashchuk.appll.services.ApplianceService - IN sumPower - 502 power sum
2023-02-22 12:52:53.467 [JavaFX Application Thread] INFO  org.lukashchuk.appll.services.ApplianceService - IN getAll - 32 appliance found
2023-02-22 12:52:53.476 [JavaFX Application Thread] INFO  org.lukashchuk.appll.services.ApplianceService - IN sumPower - 502 power sum
2023-02-22 12:52:53.480 [JavaFX Application Thread] INFO  org.lukashchuk.appll.services.ApplianceService - IN getAll - 32 appliance found
2023-02-22 12:52:58.884 [JavaFX Application Thread] INFO  org.lukashchuk.appll.services.ApplianceService - IN add - TestName appliance added
2023-02-22 12:52:58.896 [JavaFX Application Thread] INFO  org.lukashchuk.appll.services.ApplianceService - IN getAll - 33 appliance found
2023-02-22 12:52:58.902 [JavaFX Application Thread] INFO  org.lukashchuk.appll.services.ApplianceService - IN sumPower - 502 power sum
2023-02-22 12:54:07.966 [JavaFX Application Thread] INFO  org.lukashchuk.appll.services.ApplianceService - IN getAll - 33 appliance found
2023-02-22 12:54:07.976 [JavaFX Application Thread] INFO  org.lukashchuk.appll.services.ApplianceService - IN sumPower - 502 power sum
2023-02-22 12:54:07.981 [JavaFX Application Thread] INFO  org.lukashchuk.appll.services.ApplianceService - IN getAll - 33 appliance found
2023-02-22 12:54:13.840 [JavaFX Application Thread] INFO  org.lukashchuk.appll.services.ApplianceService - IN add - TestName appliance added
2023-02-22 12:54:13.850 [JavaFX Application Thread] INFO  org.lukashchuk.appll.services.ApplianceService - IN getAll - 34 appliance found
2023-02-22 12:54:13.857 [JavaFX Application Thread] INFO  org.lukashchuk.appll.services.ApplianceService - IN sumPower - 502 power sum
2023-02-22 12:54:13.861 [JavaFX Application Thread] INFO  org.lukashchuk.appll.services.ApplianceService - IN getAll - 34 appliance found
2023-02-22 12:54:35.725 [JavaFX Application Thread] INFO  org.lukashchuk.appll.services.ApplianceService - IN getAll - 34 appliance found
2023-02-22 12:54:35.733 [JavaFX Application Thread] INFO  org.lukashchuk.appll.services.ApplianceService - IN sumPower - 502 power sum
2023-02-22 12:54:35.738 [JavaFX Application Thread] INFO  org.lukashchuk.appll.services.ApplianceService - IN getAll - 34 appliance found
2023-02-22 12:54:45.128 [JavaFX Application Thread] INFO  org.lukashchuk.appll.services.ApplianceService - IN delete - 10 appliance deleted
2023-02-22 12:54:45.131 [JavaFX Application Thread] INFO  org.lukashchuk.appll.services.ApplianceService - IN getAll - 33 appliance found
2023-02-22 12:54:45.137 [JavaFX Application Thread] INFO  org.lukashchuk.appll.services.ApplianceService - IN sumPower - 502 power sum
2023-02-22 12:54:45.920 [JavaFX Application Thread] INFO  org.lukashchuk.appll.services.ApplianceService - IN delete - 11 appliance deleted
2023-02-22 12:54:45.924 [JavaFX Application Thread] INFO  org.lukashchuk.appll.services.ApplianceService - IN getAll - 32 appliance found
2023-02-22 12:54:45.929 [JavaFX Application Thread] INFO  org.lukashchuk.appll.services.ApplianceService - IN sumPower - 302 power sum
2023-02-22 12:54:46.568 [JavaFX Application Thread] INFO  org.lukashchuk.appll.services.ApplianceService - IN delete - 12 appliance deleted
2023-02-22 12:54:46.571 [JavaFX Application Thread] INFO  org.lukashchuk.appll.services.ApplianceService - IN getAll - 31 appliance found
2023-02-22 12:54:46.576 [JavaFX Application Thread] INFO  org.lukashchuk.appll.services.ApplianceService - IN sumPower - 302 power sum
2023-02-22 12:54:47.296 [JavaFX Application Thread] INFO  org.lukashchuk.appll.services.ApplianceService - IN delete - 14 appliance deleted
2023-02-22 12:54:47.299 [JavaFX Application Thread] INFO  org.lukashchuk.appll.services.ApplianceService - IN getAll - 30 appliance found
2023-02-22 12:54:47.305 [JavaFX Application Thread] INFO  org.lukashchuk.appll.services.ApplianceService - IN sumPower - 302 power sum
2023-02-22 12:54:47.965 [JavaFX Application Thread] INFO  org.lukashchuk.appll.services.ApplianceService - IN delete - 15 appliance deleted
2023-02-22 12:54:47.968 [JavaFX Application Thread] INFO  org.lukashchuk.appll.services.ApplianceService - IN getAll - 29 appliance found
2023-02-22 12:54:47.973 [JavaFX Application Thread] INFO  org.lukashchuk.appll.services.ApplianceService - IN sumPower - 302 power sum
2023-02-22 12:54:48.863 [JavaFX Application Thread] INFO  org.lukashchuk.appll.services.ApplianceService - IN delete - 16 appliance deleted
2023-02-22 12:54:48.866 [JavaFX Application Thread] INFO  org.lukashchuk.appll.services.ApplianceService - IN getAll - 28 appliance found
2023-02-22 12:54:48.871 [JavaFX Application Thread] INFO  org.lukashchuk.appll.services.ApplianceService - IN sumPower - 2 power sum
2023-02-22 12:54:49.566 [JavaFX Application Thread] INFO  org.lukashchuk.appll.services.ApplianceService - IN delete - 17 appliance deleted
2023-02-22 12:54:49.569 [JavaFX Application Thread] INFO  org.lukashchuk.appll.services.ApplianceService - IN getAll - 27 appliance found
2023-02-22 12:54:49.574 [JavaFX Application Thread] INFO  org.lukashchuk.appll.services.ApplianceService - IN sumPower - 2 power sum
2023-02-22 12:54:50.148 [JavaFX Application Thread] INFO  org.lukashchuk.appll.services.ApplianceService - IN delete - 18 appliance deleted
2023-02-22 12:54:50.151 [JavaFX Application Thread] INFO  org.lukashchuk.appll.services.ApplianceService - IN getAll - 26 appliance found
2023-02-22 12:54:50.156 [JavaFX Application Thread] INFO  org.lukashchuk.appll.services.ApplianceService - IN sumPower - 2 power sum
2023-02-22 12:54:50.756 [JavaFX Application Thread] INFO  org.lukashchuk.appll.services.ApplianceService - IN delete - 19 appliance deleted
2023-02-22 12:54:50.759 [JavaFX Application Thread] INFO  org.lukashchuk.appll.services.ApplianceService - IN getAll - 25 appliance found
2023-02-22 12:54:50.763 [JavaFX Application Thread] INFO  org.lukashchuk.appll.services.ApplianceService - IN sumPower - 2 power sum
2023-02-22 12:54:51.315 [JavaFX Application Thread] INFO  org.lukashchuk.appll.services.ApplianceService - IN delete - 20 appliance deleted
2023-02-22 12:54:51.318 [JavaFX Application Thread] INFO  org.lukashchuk.appll.services.ApplianceService - IN getAll - 24 appliance found
2023-02-22 12:54:51.323 [JavaFX Application Thread] INFO  org.lukashchuk.appll.services.ApplianceService - IN sumPower - 0 power sum
2023-02-22 12:54:51.822 [JavaFX Application Thread] INFO  org.lukashchuk.appll.services.ApplianceService - IN delete - 21 appliance deleted
2023-02-22 12:54:51.825 [JavaFX Application Thread] INFO  org.lukashchuk.appll.services.ApplianceService - IN getAll - 23 appliance found
2023-02-22 12:54:51.829 [JavaFX Application Thread] INFO  org.lukashchuk.appll.services.ApplianceService - IN sumPower - 0 power sum
2023-02-22 12:54:52.416 [JavaFX Application Thread] INFO  org.lukashchuk.appll.services.ApplianceService - IN delete - 22 appliance deleted
2023-02-22 12:54:52.419 [JavaFX Application Thread] INFO  org.lukashchuk.appll.services.ApplianceService - IN getAll - 22 appliance found
2023-02-22 12:54:52.423 [JavaFX Application Thread] INFO  org.lukashchuk.appll.services.ApplianceService - IN sumPower - 0 power sum
2023-02-22 12:54:52.963 [JavaFX Application Thread] INFO  org.lukashchuk.appll.services.ApplianceService - IN delete - 24 appliance deleted
2023-02-22 12:54:52.966 [JavaFX Application Thread] INFO  org.lukashchuk.appll.services.ApplianceService - IN getAll - 21 appliance found
2023-02-22 12:54:52.970 [JavaFX Application Thread] INFO  org.lukashchuk.appll.services.ApplianceService - IN sumPower - 0 power sum
2023-02-22 12:54:53.537 [JavaFX Application Thread] INFO  org.lukashchuk.appll.services.ApplianceService - IN delete - 26 appliance deleted
2023-02-22 12:54:53.539 [JavaFX Application Thread] INFO  org.lukashchuk.appll.services.ApplianceService - IN getAll - 20 appliance found
2023-02-22 12:54:53.543 [JavaFX Application Thread] INFO  org.lukashchuk.appll.services.ApplianceService - IN sumPower - 0 power sum
2023-02-22 12:54:54.094 [JavaFX Application Thread] INFO  org.lukashchuk.appll.services.ApplianceService - IN delete - 27 appliance deleted
2023-02-22 12:54:54.096 [JavaFX Application Thread] INFO  org.lukashchuk.appll.services.ApplianceService - IN getAll - 19 appliance found
2023-02-22 12:54:54.101 [JavaFX Application Thread] INFO  org.lukashchuk.appll.services.ApplianceService - IN sumPower - 0 power sum
2023-02-22 12:54:54.638 [JavaFX Application Thread] INFO  org.lukashchuk.appll.services.ApplianceService - IN delete - 28 appliance deleted
2023-02-22 12:54:54.641 [JavaFX Application Thread] INFO  org.lukashchuk.appll.services.ApplianceService - IN getAll - 18 appliance found
2023-02-22 12:54:54.645 [JavaFX Application Thread] INFO  org.lukashchuk.appll.services.ApplianceService - IN sumPower - 0 power sum
2023-02-22 12:54:55.210 [JavaFX Application Thread] INFO  org.lukashchuk.appll.services.ApplianceService - IN delete - 29 appliance deleted
2023-02-22 12:54:55.213 [JavaFX Application Thread] INFO  org.lukashchuk.appll.services.ApplianceService - IN getAll - 17 appliance found
2023-02-22 12:54:55.217 [JavaFX Application Thread] INFO  org.lukashchuk.appll.services.ApplianceService - IN sumPower - 0 power sum
2023-02-22 12:54:55.761 [JavaFX Application Thread] INFO  org.lukashchuk.appll.services.ApplianceService - IN delete - 30 appliance deleted
2023-02-22 12:54:55.763 [JavaFX Application Thread] INFO  org.lukashchuk.appll.services.ApplianceService - IN getAll - 16 appliance found
2023-02-22 12:54:55.767 [JavaFX Application Thread] INFO  org.lukashchuk.appll.services.ApplianceService - IN sumPower - 0 power sum
2023-02-22 12:54:56.282 [JavaFX Application Thread] INFO  org.lukashchuk.appll.services.ApplianceService - IN delete - 31 appliance deleted
2023-02-22 12:54:56.284 [JavaFX Application Thread] INFO  org.lukashchuk.appll.services.ApplianceService - IN getAll - 15 appliance found
2023-02-22 12:54:56.288 [JavaFX Application Thread] INFO  org.lukashchuk.appll.services.ApplianceService - IN sumPower - 0 power sum
2023-02-22 12:54:56.793 [JavaFX Application Thread] INFO  org.lukashchuk.appll.services.ApplianceService - IN delete - 32 appliance deleted
2023-02-22 12:54:56.795 [JavaFX Application Thread] INFO  org.lukashchuk.appll.services.ApplianceService - IN getAll - 14 appliance found
2023-02-22 12:54:56.799 [JavaFX Application Thread] INFO  org.lukashchuk.appll.services.ApplianceService - IN sumPower - 0 power sum
2023-02-22 12:54:57.315 [JavaFX Application Thread] INFO  org.lukashchuk.appll.services.ApplianceService - IN delete - 33 appliance deleted
2023-02-22 12:54:57.317 [JavaFX Application Thread] INFO  org.lukashchuk.appll.services.ApplianceService - IN getAll - 13 appliance found
2023-02-22 12:54:57.321 [JavaFX Application Thread] INFO  org.lukashchuk.appll.services.ApplianceService - IN sumPower - 0 power sum
2023-02-22 12:54:57.864 [JavaFX Application Thread] INFO  org.lukashchuk.appll.services.ApplianceService - IN delete - 34 appliance deleted
2023-02-22 12:54:57.866 [JavaFX Application Thread] INFO  org.lukashchuk.appll.services.ApplianceService - IN getAll - 12 appliance found
2023-02-22 12:54:57.870 [JavaFX Application Thread] INFO  org.lukashchuk.appll.services.ApplianceService - IN sumPower - 0 power sum
2023-02-22 12:54:58.412 [JavaFX Application Thread] INFO  org.lukashchuk.appll.services.ApplianceService - IN delete - 36 appliance deleted
2023-02-22 12:54:58.414 [JavaFX Application Thread] INFO  org.lukashchuk.appll.services.ApplianceService - IN getAll - 11 appliance found
2023-02-22 12:54:58.418 [JavaFX Application Thread] INFO  org.lukashchuk.appll.services.ApplianceService - IN sumPower - 0 power sum
2023-02-22 12:54:58.902 [JavaFX Application Thread] INFO  org.lukashchuk.appll.services.ApplianceService - IN delete - 37 appliance deleted
2023-02-22 12:54:58.904 [JavaFX Application Thread] INFO  org.lukashchuk.appll.services.ApplianceService - IN getAll - 10 appliance found
2023-02-22 12:54:58.907 [JavaFX Application Thread] INFO  org.lukashchuk.appll.services.ApplianceService - IN sumPower - 0 power sum
2023-02-22 12:54:59.401 [JavaFX Application Thread] INFO  org.lukashchuk.appll.services.ApplianceService - IN delete - 38 appliance deleted
2023-02-22 12:54:59.404 [JavaFX Application Thread] INFO  org.lukashchuk.appll.services.ApplianceService - IN getAll - 9 appliance found
2023-02-22 12:54:59.409 [JavaFX Application Thread] INFO  org.lukashchuk.appll.services.ApplianceService - IN sumPower - 0 power sum
2023-02-22 12:54:59.897 [JavaFX Application Thread] INFO  org.lukashchuk.appll.services.ApplianceService - IN delete - 39 appliance deleted
2023-02-22 12:54:59.899 [JavaFX Application Thread] INFO  org.lukashchuk.appll.services.ApplianceService - IN getAll - 8 appliance found
2023-02-22 12:54:59.902 [JavaFX Application Thread] INFO  org.lukashchuk.appll.services.ApplianceService - IN sumPower - 0 power sum
2023-02-22 12:55:00.389 [JavaFX Application Thread] INFO  org.lukashchuk.appll.services.ApplianceService - IN delete - 40 appliance deleted
2023-02-22 12:55:00.391 [JavaFX Application Thread] INFO  org.lukashchuk.appll.services.ApplianceService - IN getAll - 7 appliance found
2023-02-22 12:55:00.394 [JavaFX Application Thread] INFO  org.lukashchuk.appll.services.ApplianceService - IN sumPower - 0 power sum
2023-02-22 12:55:00.886 [JavaFX Application Thread] INFO  org.lukashchuk.appll.services.ApplianceService - IN delete - 41 appliance deleted
2023-02-22 12:55:00.888 [JavaFX Application Thread] INFO  org.lukashchuk.appll.services.ApplianceService - IN getAll - 6 appliance found
2023-02-22 12:55:00.892 [JavaFX Application Thread] INFO  org.lukashchuk.appll.services.ApplianceService - IN sumPower - 0 power sum
2023-02-22 12:55:02.134 [JavaFX Application Thread] INFO  org.lukashchuk.appll.services.ApplianceService - IN delete - 43 appliance deleted
2023-02-22 12:55:02.136 [JavaFX Application Thread] INFO  org.lukashchuk.appll.services.ApplianceService - IN getAll - 5 appliance found
2023-02-22 12:55:02.139 [JavaFX Application Thread] INFO  org.lukashchuk.appll.services.ApplianceService - IN sumPower - 0 power sum
2023-02-22 12:55:02.738 [JavaFX Application Thread] INFO  org.lukashchuk.appll.services.ApplianceService - IN delete - 42 appliance deleted
2023-02-22 12:55:02.740 [JavaFX Application Thread] INFO  org.lukashchuk.appll.services.ApplianceService - IN getAll - 4 appliance found
2023-02-22 12:55:02.743 [JavaFX Application Thread] INFO  org.lukashchuk.appll.services.ApplianceService - IN sumPower - 0 power sum
2023-02-22 12:55:03.271 [JavaFX Application Thread] INFO  org.lukashchuk.appll.services.ApplianceService - IN delete - 44 appliance deleted
2023-02-22 12:55:03.273 [JavaFX Application Thread] INFO  org.lukashchuk.appll.services.ApplianceService - IN getAll - 3 appliance found
2023-02-22 12:55:03.277 [JavaFX Application Thread] INFO  org.lukashchuk.appll.services.ApplianceService - IN sumPower - 0 power sum
2023-02-22 12:55:03.823 [JavaFX Application Thread] INFO  org.lukashchuk.appll.services.ApplianceService - IN delete - 45 appliance deleted
2023-02-22 12:55:03.825 [JavaFX Application Thread] INFO  org.lukashchuk.appll.services.ApplianceService - IN getAll - 2 appliance found
2023-02-22 12:55:03.828 [JavaFX Application Thread] INFO  org.lukashchuk.appll.services.ApplianceService - IN sumPower - 0 power sum
2023-02-22 12:55:04.433 [JavaFX Application Thread] INFO  org.lukashchuk.appll.services.ApplianceService - IN delete - 46 appliance deleted
2023-02-22 12:55:04.435 [JavaFX Application Thread] INFO  org.lukashchuk.appll.services.ApplianceService - IN getAll - 1 appliance found
2023-02-22 12:55:04.438 [JavaFX Application Thread] INFO  org.lukashchuk.appll.services.ApplianceService - IN sumPower - 0 power sum
2023-02-22 12:55:08.006 [JavaFX Application Thread] INFO  org.lukashchuk.appll.services.ApplianceService - IN getAll - 1 appliance found
2023-02-22 12:55:08.014 [JavaFX Application Thread] INFO  org.lukashchuk.appll.services.ApplianceService - IN sumPower - 0 power sum
2023-02-22 12:55:08.017 [JavaFX Application Thread] INFO  org.lukashchuk.appll.services.ApplianceService - IN getAll - 1 appliance found
2023-02-22 12:55:13.890 [JavaFX Application Thread] INFO  org.lukashchuk.appll.services.ApplianceService - IN getAll - 1 appliance found
2023-02-22 12:55:13.898 [JavaFX Application Thread] INFO  org.lukashchuk.appll.services.ApplianceService - IN sumPower - 0 power sum
2023-02-22 12:55:13.902 [JavaFX Application Thread] INFO  org.lukashchuk.appll.services.ApplianceService - IN getAll - 1 appliance found
2023-02-22 12:55:19.300 [JavaFX Application Thread] INFO  org.lukashchuk.appll.services.ApplianceService - IN add - TestName appliance added
2023-02-22 12:55:19.310 [JavaFX Application Thread] INFO  org.lukashchuk.appll.services.ApplianceService - IN getAll - 2 appliance found
2023-02-22 12:55:19.315 [JavaFX Application Thread] INFO  org.lukashchuk.appll.services.ApplianceService - IN sumPower - 0 power sum
2023-02-22 12:55:19.317 [JavaFX Application Thread] INFO  org.lukashchuk.appll.services.ApplianceService - IN getAll - 2 appliance found
2023-02-22 12:56:10.396 [JavaFX Application Thread] INFO  org.lukashchuk.appll.services.ApplianceService - IN getAll - 2 appliance found
2023-02-22 12:56:15.769 [JavaFX Application Thread] INFO  org.lukashchuk.appll.services.ApplianceService - IN add - TestName appliance added
2023-02-22 12:56:15.778 [JavaFX Application Thread] INFO  org.lukashchuk.appll.services.ApplianceService - IN getAll - 3 appliance found
2023-02-22 12:56:15.784 [JavaFX Application Thread] INFO  org.lukashchuk.appll.services.ApplianceService - IN sumPower - 0 power sum
2023-02-22 12:56:37.041 [JavaFX Application Thread] INFO  org.lukashchuk.appll.services.ApplianceService - IN getAll - 3 appliance found
2023-02-22 12:56:37.048 [JavaFX Application Thread] INFO  org.lukashchuk.appll.services.ApplianceService - IN sumPower - 0 power sum
2023-02-22 12:56:37.051 [JavaFX Application Thread] INFO  org.lukashchuk.appll.services.ApplianceService - IN getAll - 3 appliance found
2023-02-22 12:56:42.471 [JavaFX Application Thread] INFO  org.lukashchuk.appll.services.ApplianceService - IN add - TestName appliance added
2023-02-22 12:56:42.479 [JavaFX Application Thread] INFO  org.lukashchuk.appll.services.ApplianceService - IN getAll - 4 appliance found
2023-02-22 12:56:42.484 [JavaFX Application Thread] INFO  org.lukashchuk.appll.services.ApplianceService - IN sumPower - 0 power sum
2023-02-22 12:56:56.560 [JavaFX Application Thread] INFO  org.lukashchuk.appll.services.ApplianceService - IN getAll - 4 appliance found
2023-02-22 12:56:56.567 [JavaFX Application Thread] INFO  org.lukashchuk.appll.services.ApplianceService - IN sumPower - 0 power sum
2023-02-22 12:56:56.571 [JavaFX Application Thread] INFO  org.lukashchuk.appll.services.ApplianceService - IN getAll - 4 appliance found
2023-02-22 12:57:02.769 [JavaFX Application Thread] INFO  org.lukashchuk.appll.services.ApplianceService - IN add - 11 appliance added
2023-02-22 12:57:02.777 [JavaFX Application Thread] INFO  org.lukashchuk.appll.services.ApplianceService - IN getAll - 5 appliance found
2023-02-22 12:57:02.782 [JavaFX Application Thread] INFO  org.lukashchuk.appll.services.ApplianceService - IN sumPower - 0 power sum
2023-02-22 12:57:09.424 [JavaFX Application Thread] INFO  org.lukashchuk.appll.services.ApplianceService - IN add - 1 appliance added
2023-02-22 12:57:09.432 [JavaFX Application Thread] INFO  org.lukashchuk.appll.services.ApplianceService - IN getAll - 6 appliance found
2023-02-22 12:57:09.437 [JavaFX Application Thread] INFO  org.lukashchuk.appll.services.ApplianceService - IN sumPower - 0 power sum
2023-02-22 12:58:31.962 [JavaFX Application Thread] INFO  org.lukashchuk.appll.services.ApplianceService - IN getAll - 6 appliance found
2023-02-22 12:58:31.970 [JavaFX Application Thread] INFO  org.lukashchuk.appll.services.ApplianceService - IN sumPower - 0 power sum
2023-02-22 12:58:31.974 [JavaFX Application Thread] INFO  org.lukashchuk.appll.services.ApplianceService - IN getAll - 6 appliance found
2023-02-22 12:58:37.878 [JavaFX Application Thread] INFO  org.lukashchuk.appll.services.ApplianceService - IN add - TestName appliance added
2023-02-22 12:58:37.887 [JavaFX Application Thread] INFO  org.lukashchuk.appll.services.ApplianceService - IN getAll - 7 appliance found
2023-02-22 12:58:37.893 [JavaFX Application Thread] INFO  org.lukashchuk.appll.services.ApplianceService - IN sumPower - 0 power sum
2023-02-22 13:00:38.877 [JavaFX Application Thread] INFO  org.lukashchuk.appll.services.ApplianceService - IN getAll - 7 appliance found
2023-02-22 13:00:38.885 [JavaFX Application Thread] INFO  org.lukashchuk.appll.services.ApplianceService - IN sumPower - 0 power sum
2023-02-22 13:00:38.889 [JavaFX Application Thread] INFO  org.lukashchuk.appll.services.ApplianceService - IN getAll - 7 appliance found
2023-02-22 13:00:44.792 [JavaFX Application Thread] INFO  org.lukashchuk.appll.services.ApplianceService - IN add - TestName appliance added
2023-02-22 13:00:44.802 [JavaFX Application Thread] INFO  org.lukashchuk.appll.services.ApplianceService - IN getAll - 8 appliance found
2023-02-22 13:00:44.807 [JavaFX Application Thread] INFO  org.lukashchuk.appll.services.ApplianceService - IN sumPower - 0 power sum
2023-02-22 13:02:00.149 [JavaFX Application Thread] INFO  org.lukashchuk.appll.services.ApplianceService - IN getAll - 8 appliance found
2023-02-22 13:02:00.156 [JavaFX Application Thread] INFO  org.lukashchuk.appll.services.ApplianceService - IN sumPower - 0 power sum
2023-02-22 13:02:00.159 [JavaFX Application Thread] INFO  org.lukashchuk.appll.services.ApplianceService - IN getAll - 8 appliance found
2023-02-22 13:02:06.050 [JavaFX Application Thread] INFO  org.lukashchuk.appll.services.ApplianceService - IN add - NameTest appliance added
2023-02-22 13:02:06.058 [JavaFX Application Thread] INFO  org.lukashchuk.appll.services.ApplianceService - IN getAll - 9 appliance found
2023-02-22 13:02:06.064 [JavaFX Application Thread] INFO  org.lukashchuk.appll.services.ApplianceService - IN sumPower - 0 power sum
2023-02-22 13:02:32.583 [JavaFX Application Thread] INFO  org.lukashchuk.appll.services.ApplianceService - IN getAll - 9 appliance found
2023-02-22 13:02:32.591 [JavaFX Application Thread] INFO  org.lukashchuk.appll.services.ApplianceService - IN sumPower - 0 power sum
2023-02-22 13:02:32.594 [JavaFX Application Thread] INFO  org.lukashchuk.appll.services.ApplianceService - IN getAll - 9 appliance found
2023-02-22 13:02:36.844 [JavaFX Application Thread] INFO  org.lukashchuk.appll.services.ApplianceService - IN getAll - 9 appliance found
2023-02-22 13:02:36.849 [JavaFX Application Thread] INFO  org.lukashchuk.appll.services.ApplianceService - IN sumPower - 0 power sum
2023-02-22 13:02:59.862 [JavaFX Application Thread] INFO  org.lukashchuk.appll.services.ApplianceService - IN getAll - 9 appliance found
2023-02-22 13:02:59.870 [JavaFX Application Thread] INFO  org.lukashchuk.appll.services.ApplianceService - IN sumPower - 0 power sum
2023-02-22 13:02:59.874 [JavaFX Application Thread] INFO  org.lukashchuk.appll.services.ApplianceService - IN getAll - 9 appliance found
2023-02-22 13:03:05.380 [JavaFX Application Thread] INFO  org.lukashchuk.appll.services.ApplianceService - IN add - 1 appliance updated at id = 48
2023-02-22 13:03:05.390 [JavaFX Application Thread] INFO  org.lukashchuk.appll.services.ApplianceService - IN getAll - 9 appliance found
2023-02-22 13:03:05.395 [JavaFX Application Thread] INFO  org.lukashchuk.appll.services.ApplianceService - IN sumPower - 0 power sum
2023-02-22 13:03:05.398 [JavaFX Application Thread] INFO  org.lukashchuk.appll.services.ApplianceService - IN getAll - 9 appliance found
2023-02-22 13:03:10.006 [JavaFX Application Thread] INFO  org.lukashchuk.appll.services.ApplianceService - IN add - 1 appliance updated at id = 49
2023-02-22 13:03:10.014 [JavaFX Application Thread] INFO  org.lukashchuk.appll.services.ApplianceService - IN getAll - 9 appliance found
2023-02-22 13:03:10.020 [JavaFX Application Thread] INFO  org.lukashchuk.appll.services.ApplianceService - IN sumPower - 0 power sum
2023-02-22 13:03:10.023 [JavaFX Application Thread] INFO  org.lukashchuk.appll.services.ApplianceService - IN getAll - 9 appliance found
2023-02-22 13:03:15.002 [JavaFX Application Thread] INFO  org.lukashchuk.appll.services.ApplianceService - IN add - 1 appliance updated at id = 47
2023-02-22 13:03:15.011 [JavaFX Application Thread] INFO  org.lukashchuk.appll.services.ApplianceService - IN getAll - 9 appliance found
2023-02-22 13:03:15.016 [JavaFX Application Thread] INFO  org.lukashchuk.appll.services.ApplianceService - IN sumPower - 0 power sum
2023-02-22 13:03:15.018 [JavaFX Application Thread] INFO  org.lukashchuk.appll.services.ApplianceService - IN getAll - 9 appliance found
2023-02-22 13:03:19.306 [JavaFX Application Thread] INFO  org.lukashchuk.appll.services.ApplianceService - IN add - 1 appliance updated at id = 52
2023-02-22 13:03:19.314 [JavaFX Application Thread] INFO  org.lukashchuk.appll.services.ApplianceService - IN getAll - 9 appliance found
2023-02-22 13:03:19.319 [JavaFX Application Thread] INFO  org.lukashchuk.appll.services.ApplianceService - IN sumPower - 0 power sum
2023-02-22 13:03:19.321 [JavaFX Application Thread] INFO  org.lukashchuk.appll.services.ApplianceService - IN getAll - 9 appliance found
2023-02-22 13:03:23.112 [JavaFX Application Thread] INFO  org.lukashchuk.appll.services.ApplianceService - IN add - 1 appliance updated at id = 53
2023-02-22 13:03:23.120 [JavaFX Application Thread] INFO  org.lukashchuk.appll.services.ApplianceService - IN getAll - 9 appliance found
2023-02-22 13:03:23.125 [JavaFX Application Thread] INFO  org.lukashchuk.appll.services.ApplianceService - IN sumPower - 0 power sum
2023-02-22 13:03:23.127 [JavaFX Application Thread] INFO  org.lukashchuk.appll.services.ApplianceService - IN getAll - 9 appliance found
2023-02-22 13:03:26.681 [JavaFX Application Thread] INFO  org.lukashchuk.appll.services.ApplianceService - IN add - 1 appliance updated at id = 54
2023-02-22 13:03:26.690 [JavaFX Application Thread] INFO  org.lukashchuk.appll.services.ApplianceService - IN getAll - 9 appliance found
2023-02-22 13:03:26.694 [JavaFX Application Thread] INFO  org.lukashchuk.appll.services.ApplianceService - IN sumPower - 0 power sum
2023-02-22 13:03:26.696 [JavaFX Application Thread] INFO  org.lukashchuk.appll.services.ApplianceService - IN getAll - 9 appliance found
2023-02-22 13:03:30.809 [JavaFX Application Thread] INFO  org.lukashchuk.appll.services.ApplianceService - IN add - 1 appliance added
2023-02-22 13:03:30.817 [JavaFX Application Thread] INFO  org.lukashchuk.appll.services.ApplianceService - IN getAll - 10 appliance found
2023-02-22 13:03:30.823 [JavaFX Application Thread] INFO  org.lukashchuk.appll.services.ApplianceService - IN sumPower - 0 power sum
2023-02-22 13:03:33.783 [JavaFX Application Thread] INFO  org.lukashchuk.appll.services.ApplianceService - IN add - 1 appliance added
2023-02-22 13:03:33.790 [JavaFX Application Thread] INFO  org.lukashchuk.appll.services.ApplianceService - IN getAll - 11 appliance found
2023-02-22 13:03:33.795 [JavaFX Application Thread] INFO  org.lukashchuk.appll.services.ApplianceService - IN sumPower - 0 power sum
2023-02-22 13:03:36.824 [JavaFX Application Thread] INFO  org.lukashchuk.appll.services.ApplianceService - IN add - 1 appliance added
2023-02-22 13:03:36.831 [JavaFX Application Thread] INFO  org.lukashchuk.appll.services.ApplianceService - IN getAll - 12 appliance found
2023-02-22 13:03:36.836 [JavaFX Application Thread] INFO  org.lukashchuk.appll.services.ApplianceService - IN sumPower - 0 power sum
2023-02-22 13:03:40.279 [JavaFX Application Thread] INFO  org.lukashchuk.appll.services.ApplianceService - IN add - 1 appliance added
2023-02-22 13:03:40.286 [JavaFX Application Thread] INFO  org.lukashchuk.appll.services.ApplianceService - IN getAll - 13 appliance found
2023-02-22 13:03:40.291 [JavaFX Application Thread] INFO  org.lukashchuk.appll.services.ApplianceService - IN sumPower - 0 power sum
2023-02-22 13:03:43.448 [JavaFX Application Thread] INFO  org.lukashchuk.appll.services.ApplianceService - IN add - 1 appliance added
2023-02-22 13:03:43.456 [JavaFX Application Thread] INFO  org.lukashchuk.appll.services.ApplianceService - IN getAll - 14 appliance found
2023-02-22 13:03:43.461 [JavaFX Application Thread] INFO  org.lukashchuk.appll.services.ApplianceService - IN sumPower - 0 power sum
2023-02-22 13:03:46.501 [JavaFX Application Thread] INFO  org.lukashchuk.appll.services.ApplianceService - IN add - 1 appliance added
2023-02-22 13:03:46.508 [JavaFX Application Thread] INFO  org.lukashchuk.appll.services.ApplianceService - IN getAll - 15 appliance found
2023-02-22 13:03:46.513 [JavaFX Application Thread] INFO  org.lukashchuk.appll.services.ApplianceService - IN sumPower - 0 power sum
2023-02-22 13:03:53.002 [JavaFX Application Thread] INFO  org.lukashchuk.appll.services.ApplianceService - IN getAll - 15 appliance found
2023-02-22 13:03:53.009 [JavaFX Application Thread] INFO  org.lukashchuk.appll.services.ApplianceService - IN sumPower - 0 power sum
2023-02-22 13:03:53.012 [JavaFX Application Thread] INFO  org.lukashchuk.appll.services.ApplianceService - IN getAll - 15 appliance found
2023-02-22 13:03:58.854 [JavaFX Application Thread] INFO  org.lukashchuk.appll.services.ApplianceService - IN add - NameTest appliance added
2023-02-22 13:03:58.863 [JavaFX Application Thread] INFO  org.lukashchuk.appll.services.ApplianceService - IN getAll - 16 appliance found
2023-02-22 13:03:58.868 [JavaFX Application Thread] INFO  org.lukashchuk.appll.services.ApplianceService - IN sumPower - 0 power sum
2023-02-22 13:14:51.002 [JavaFX Application Thread] INFO  org.lukashchuk.appll.services.ApplianceService - IN getAll - 16 appliance found
2023-02-22 13:14:51.010 [JavaFX Application Thread] INFO  org.lukashchuk.appll.services.ApplianceService - IN sumPower - 0 power sum
2023-02-22 13:14:51.015 [JavaFX Application Thread] INFO  org.lukashchuk.appll.services.ApplianceService - IN getAll - 16 appliance found
2023-02-22 13:14:56.939 [JavaFX Application Thread] INFO  org.lukashchuk.appll.services.ApplianceService - IN add - NameTest appliance added
2023-02-22 13:14:56.948 [JavaFX Application Thread] INFO  org.lukashchuk.appll.services.ApplianceService - IN getAll - 17 appliance found
2023-02-22 13:14:56.953 [JavaFX Application Thread] INFO  org.lukashchuk.appll.services.ApplianceService - IN sumPower - 0 power sum
2023-02-22 13:34:37.847 [JavaFX Application Thread] INFO  org.lukashchuk.appll.services.ApplianceService - IN getAll - 17 appliance found
2023-02-22 13:34:37.855 [JavaFX Application Thread] INFO  org.lukashchuk.appll.services.ApplianceService - IN sumPower - 0 power sum
2023-02-22 13:34:37.858 [JavaFX Application Thread] INFO  org.lukashchuk.appll.services.ApplianceService - IN getAll - 17 appliance found
2023-02-22 13:34:38.507 [JavaFX Application Thread] INFO  org.lukashchuk.appll.services.ApplianceService - IN getAll - 17 appliance found
2023-02-22 13:34:38.512 [JavaFX Application Thread] INFO  org.lukashchuk.appll.services.ApplianceService - IN sumPower - 0 power sum
2023-02-22 13:34:38.514 [JavaFX Application Thread] INFO  org.lukashchuk.appll.services.ApplianceService - IN getAll - 17 appliance found
2023-02-22 13:34:44.170 [JavaFX Application Thread] INFO  org.lukashchuk.appll.services.ApplianceService - IN add - NameTest appliance added
2023-02-22 13:34:44.178 [JavaFX Application Thread] INFO  org.lukashchuk.appll.services.ApplianceService - IN getAll - 18 appliance found
2023-02-22 13:34:44.183 [JavaFX Application Thread] INFO  org.lukashchuk.appll.services.ApplianceService - IN sumPower - 0 power sum
2023-02-22 13:36:29.533 [JavaFX Application Thread] INFO  org.lukashchuk.appll.services.ApplianceService - IN getAll - 18 appliance found
2023-02-22 13:36:29.540 [JavaFX Application Thread] INFO  org.lukashchuk.appll.services.ApplianceService - IN sumPower - 0 power sum
2023-02-22 13:36:29.544 [JavaFX Application Thread] INFO  org.lukashchuk.appll.services.ApplianceService - IN getAll - 18 appliance found
2023-02-22 13:36:45.786 [JavaFX Application Thread] INFO  org.lukashchuk.appll.services.ApplianceService - IN getAll - 18 appliance found
2023-02-22 13:36:45.793 [JavaFX Application Thread] INFO  org.lukashchuk.appll.services.ApplianceService - IN sumPower - 0 power sum
2023-02-22 13:36:45.797 [JavaFX Application Thread] INFO  org.lukashchuk.appll.services.ApplianceService - IN getAll - 18 appliance found
2023-02-22 13:36:51.644 [JavaFX Application Thread] INFO  org.lukashchuk.appll.services.ApplianceService - IN add - NameTest appliance added
2023-02-22 13:36:51.653 [JavaFX Application Thread] INFO  org.lukashchuk.appll.services.ApplianceService - IN getAll - 19 appliance found
2023-02-22 13:36:51.658 [JavaFX Application Thread] INFO  org.lukashchuk.appll.services.ApplianceService - IN sumPower - 0 power sum
2023-02-22 13:36:52.031 [JavaFX Application Thread] INFO  org.lukashchuk.appll.services.ApplianceService - IN getAll - 19 appliance found
2023-02-22 13:36:52.036 [JavaFX Application Thread] INFO  org.lukashchuk.appll.services.ApplianceService - IN sumPower - 0 power sum
2023-02-22 13:36:52.038 [JavaFX Application Thread] INFO  org.lukashchuk.appll.services.ApplianceService - IN getAll - 19 appliance found
2023-02-22 13:37:55.736 [JavaFX Application Thread] INFO  org.lukashchuk.appll.services.ApplianceService - IN getAll - 19 appliance found
2023-02-22 13:37:55.742 [JavaFX Application Thread] INFO  org.lukashchuk.appll.services.ApplianceService - IN sumPower - 0 power sum
2023-02-22 13:37:55.745 [JavaFX Application Thread] INFO  org.lukashchuk.appll.services.ApplianceService - IN getAll - 19 appliance found
2023-02-22 13:38:01.581 [JavaFX Application Thread] INFO  org.lukashchuk.appll.services.ApplianceService - IN add - NameTest appliance added
2023-02-22 13:38:01.590 [JavaFX Application Thread] INFO  org.lukashchuk.appll.services.ApplianceService - IN getAll - 20 appliance found
2023-02-22 13:38:01.595 [JavaFX Application Thread] INFO  org.lukashchuk.appll.services.ApplianceService - IN sumPower - 0 power sum
2023-02-22 13:38:01.991 [JavaFX Application Thread] INFO  org.lukashchuk.appll.services.ApplianceService - IN getAll - 20 appliance found
2023-02-22 13:38:01.995 [JavaFX Application Thread] INFO  org.lukashchuk.appll.services.ApplianceService - IN sumPower - 0 power sum
2023-02-22 13:38:01.997 [JavaFX Application Thread] INFO  org.lukashchuk.appll.services.ApplianceService - IN getAll - 20 appliance found
2023-02-22 13:38:29.949 [JavaFX Application Thread] INFO  org.lukashchuk.appll.services.ApplianceService - IN getAll - 20 appliance found
2023-02-22 13:38:29.956 [JavaFX Application Thread] INFO  org.lukashchuk.appll.services.ApplianceService - IN sumPower - 0 power sum
2023-02-22 13:38:29.959 [JavaFX Application Thread] INFO  org.lukashchuk.appll.services.ApplianceService - IN getAll - 20 appliance found
2023-02-22 13:38:35.839 [JavaFX Application Thread] INFO  org.lukashchuk.appll.services.ApplianceService - IN add - NameTest appliance added
2023-02-22 13:38:35.848 [JavaFX Application Thread] INFO  org.lukashchuk.appll.services.ApplianceService - IN getAll - 21 appliance found
2023-02-22 13:38:35.854 [JavaFX Application Thread] INFO  org.lukashchuk.appll.services.ApplianceService - IN sumPower - 0 power sum
2023-02-22 13:38:36.229 [JavaFX Application Thread] INFO  org.lukashchuk.appll.services.ApplianceService - IN getAll - 21 appliance found
2023-02-22 13:38:36.233 [JavaFX Application Thread] INFO  org.lukashchuk.appll.services.ApplianceService - IN sumPower - 0 power sum
2023-02-22 13:38:36.236 [JavaFX Application Thread] INFO  org.lukashchuk.appll.services.ApplianceService - IN getAll - 21 appliance found
2023-02-22 13:39:53.493 [JavaFX Application Thread] INFO  org.lukashchuk.appll.services.ApplianceService - IN getAll - 21 appliance found
2023-02-22 13:39:53.500 [JavaFX Application Thread] INFO  org.lukashchuk.appll.services.ApplianceService - IN sumPower - 0 power sum
2023-02-22 13:39:53.503 [JavaFX Application Thread] INFO  org.lukashchuk.appll.services.ApplianceService - IN getAll - 21 appliance found
2023-02-22 13:43:09.768 [JavaFX Application Thread] INFO  org.lukashchuk.appll.services.ApplianceService - IN getAll - 21 appliance found
2023-02-22 13:43:09.776 [JavaFX Application Thread] INFO  org.lukashchuk.appll.services.ApplianceService - IN sumPower - 0 power sum
2023-02-22 13:43:09.780 [JavaFX Application Thread] INFO  org.lukashchuk.appll.services.ApplianceService - IN getAll - 21 appliance found
2023-02-22 13:43:13.560 [JavaFX Application Thread] INFO  org.lukashchuk.appll.services.ApplianceService - IN add - 1Upd appliance updated at id = 60
2023-02-22 13:43:30.498 [JavaFX Application Thread] INFO  org.lukashchuk.appll.services.ApplianceService - IN getAll - 21 appliance found
2023-02-22 13:43:30.506 [JavaFX Application Thread] INFO  org.lukashchuk.appll.services.ApplianceService - IN sumPower - 0 power sum
2023-02-22 13:43:30.510 [JavaFX Application Thread] INFO  org.lukashchuk.appll.services.ApplianceService - IN getAll - 21 appliance found
2023-02-22 13:43:34.305 [JavaFX Application Thread] INFO  org.lukashchuk.appll.services.ApplianceService - IN add - 1UpdUpd appliance updated at id = 60
2023-02-22 13:44:11.589 [JavaFX Application Thread] INFO  org.lukashchuk.appll.services.ApplianceService - IN getAll - 21 appliance found
2023-02-22 13:44:11.597 [JavaFX Application Thread] INFO  org.lukashchuk.appll.services.ApplianceService - IN sumPower - 0 power sum
2023-02-22 13:44:11.601 [JavaFX Application Thread] INFO  org.lukashchuk.appll.services.ApplianceService - IN getAll - 21 appliance found
2023-02-22 13:45:36.540 [JavaFX Application Thread] INFO  org.lukashchuk.appll.services.ApplianceService - IN getAll - 21 appliance found
2023-02-22 13:45:36.548 [JavaFX Application Thread] INFO  org.lukashchuk.appll.services.ApplianceService - IN sumPower - 0 power sum
2023-02-22 13:45:36.551 [JavaFX Application Thread] INFO  org.lukashchuk.appll.services.ApplianceService - IN getAll - 21 appliance found
2023-02-22 13:45:40.333 [JavaFX Application Thread] INFO  org.lukashchuk.appll.services.ApplianceService - IN add - 1UpdUpdUpd appliance updated at id = 60
2023-02-22 13:04:09.055 [JavaFX Application Thread] INFO  org.lukashchuk.appll.services.ApplianceService - IN getAll - 16 appliance found
2023-02-22 13:04:09.062 [JavaFX Application Thread] INFO  org.lukashchuk.appll.services.ApplianceService - IN sumPower - 0 power sum
2023-02-22 13:04:09.066 [JavaFX Application Thread] INFO  org.lukashchuk.appll.services.ApplianceService - IN getAll - 16 appliance found
2023-02-22 13:47:50.908 [JavaFX Application Thread] INFO  org.lukashchuk.appll.services.ApplianceService - IN getAll - 1 appliance found
2023-02-22 13:47:50.917 [JavaFX Application Thread] INFO  org.lukashchuk.appll.services.ApplianceService - IN sumPower - 0 power sum
2023-02-22 13:47:50.921 [JavaFX Application Thread] INFO  org.lukashchuk.appll.services.ApplianceService - IN getAll - 1 appliance found
2023-02-22 13:47:54.692 [JavaFX Application Thread] INFO  org.lukashchuk.appll.services.ApplianceService - IN add - 3Upd appliance updated at id = 3
2023-02-22 13:48:01.960 [JavaFX Application Thread] INFO  org.lukashchuk.appll.services.ApplianceService - IN getAll - 1 appliance found
2023-02-22 13:48:01.968 [JavaFX Application Thread] INFO  org.lukashchuk.appll.services.ApplianceService - IN sumPower - 0 power sum
2023-02-22 13:48:01.971 [JavaFX Application Thread] INFO  org.lukashchuk.appll.services.ApplianceService - IN getAll - 1 appliance found
2023-02-22 13:48:07.798 [JavaFX Application Thread] INFO  org.lukashchuk.appll.services.ApplianceService - IN add - NameTest appliance added
2023-02-22 13:48:07.808 [JavaFX Application Thread] INFO  org.lukashchuk.appll.services.ApplianceService - IN getAll - 2 appliance found
2023-02-22 13:48:07.813 [JavaFX Application Thread] INFO  org.lukashchuk.appll.services.ApplianceService - IN sumPower - 0 power sum
2023-02-22 13:48:08.131 [JavaFX Application Thread] INFO  org.lukashchuk.appll.services.ApplianceService - IN getAll - 2 appliance found
2023-02-22 13:48:08.135 [JavaFX Application Thread] INFO  org.lukashchuk.appll.services.ApplianceService - IN sumPower - 0 power sum
2023-02-22 13:48:08.137 [JavaFX Application Thread] INFO  org.lukashchuk.appll.services.ApplianceService - IN getAll - 2 appliance found
2023-02-22 13:48:11.517 [JavaFX Application Thread] INFO  org.lukashchuk.appll.services.ApplianceService - IN add - NameTestUpd appliance updated at id = 67
2023-02-22 13:49:41.822 [JavaFX Application Thread] INFO  org.lukashchuk.appll.services.ApplianceService - IN getAll - 2 appliance found
2023-02-22 13:49:41.829 [JavaFX Application Thread] INFO  org.lukashchuk.appll.services.ApplianceService - IN sumPower - 0 power sum
2023-02-22 13:49:41.832 [JavaFX Application Thread] INFO  org.lukashchuk.appll.services.ApplianceService - IN getAll - 2 appliance found
2023-02-22 13:49:47.705 [JavaFX Application Thread] INFO  org.lukashchuk.appll.services.ApplianceService - IN add - NameTest appliance added
2023-02-22 13:49:47.714 [JavaFX Application Thread] INFO  org.lukashchuk.appll.services.ApplianceService - IN getAll - 3 appliance found
2023-02-22 13:49:47.720 [JavaFX Application Thread] INFO  org.lukashchuk.appll.services.ApplianceService - IN sumPower - 0 power sum
2023-02-22 13:49:48.044 [JavaFX Application Thread] INFO  org.lukashchuk.appll.services.ApplianceService - IN getAll - 3 appliance found
2023-02-22 13:49:48.049 [JavaFX Application Thread] INFO  org.lukashchuk.appll.services.ApplianceService - IN sumPower - 0 power sum
2023-02-22 13:49:48.051 [JavaFX Application Thread] INFO  org.lukashchuk.appll.services.ApplianceService - IN getAll - 3 appliance found
2023-02-22 13:49:51.495 [JavaFX Application Thread] INFO  org.lukashchuk.appll.services.ApplianceService - IN add - NameTestUpd appliance updated at id = 68
2023-02-22 13:51:10.095 [JavaFX Application Thread] INFO  org.lukashchuk.appll.services.ApplianceService - IN getAll - 3 appliance found
2023-02-22 13:51:10.102 [JavaFX Application Thread] INFO  org.lukashchuk.appll.services.ApplianceService - IN sumPower - 0 power sum
2023-02-22 13:51:10.106 [JavaFX Application Thread] INFO  org.lukashchuk.appll.services.ApplianceService - IN getAll - 3 appliance found
2023-02-22 13:51:15.955 [JavaFX Application Thread] INFO  org.lukashchuk.appll.services.ApplianceService - IN add - NameTest appliance added
2023-02-22 13:51:15.964 [JavaFX Application Thread] INFO  org.lukashchuk.appll.services.ApplianceService - IN getAll - 4 appliance found
2023-02-22 13:51:15.970 [JavaFX Application Thread] INFO  org.lukashchuk.appll.services.ApplianceService - IN sumPower - 0 power sum
2023-02-22 13:51:16.283 [JavaFX Application Thread] INFO  org.lukashchuk.appll.services.ApplianceService - IN getAll - 4 appliance found
2023-02-22 13:51:16.287 [JavaFX Application Thread] INFO  org.lukashchuk.appll.services.ApplianceService - IN sumPower - 0 power sum
2023-02-22 13:51:16.289 [JavaFX Application Thread] INFO  org.lukashchuk.appll.services.ApplianceService - IN getAll - 4 appliance found
2023-02-22 13:51:19.722 [JavaFX Application Thread] INFO  org.lukashchuk.appll.services.ApplianceService - IN add - NameTestUpd appliance updated at id = 69
2023-02-22 13:51:19.731 [JavaFX Application Thread] INFO  org.lukashchuk.appll.services.ApplianceService - IN getAll - 4 appliance found
2023-02-22 13:51:19.736 [JavaFX Application Thread] INFO  org.lukashchuk.appll.services.ApplianceService - IN sumPower - 0 power sum
2023-02-22 13:51:19.738 [JavaFX Application Thread] INFO  org.lukashchuk.appll.services.ApplianceService - IN getAll - 4 appliance found
2023-02-22 13:51:40.513 [JavaFX Application Thread] INFO  org.lukashchuk.appll.services.ApplianceService - IN getAll - 4 appliance found
2023-02-22 13:51:40.520 [JavaFX Application Thread] INFO  org.lukashchuk.appll.services.ApplianceService - IN sumPower - 0 power sum
2023-02-22 13:51:40.523 [JavaFX Application Thread] INFO  org.lukashchuk.appll.services.ApplianceService - IN getAll - 4 appliance found
2023-02-22 13:51:46.380 [JavaFX Application Thread] INFO  org.lukashchuk.appll.services.ApplianceService - IN add - NameTest appliance added
2023-02-22 13:51:46.388 [JavaFX Application Thread] INFO  org.lukashchuk.appll.services.ApplianceService - IN getAll - 5 appliance found
2023-02-22 13:51:46.393 [JavaFX Application Thread] INFO  org.lukashchuk.appll.services.ApplianceService - IN sumPower - 0 power sum
2023-02-22 13:51:46.724 [JavaFX Application Thread] INFO  org.lukashchuk.appll.services.ApplianceService - IN getAll - 5 appliance found
2023-02-22 13:51:46.728 [JavaFX Application Thread] INFO  org.lukashchuk.appll.services.ApplianceService - IN sumPower - 0 power sum
2023-02-22 13:51:46.730 [JavaFX Application Thread] INFO  org.lukashchuk.appll.services.ApplianceService - IN getAll - 5 appliance found
2023-02-22 13:51:50.085 [JavaFX Application Thread] INFO  org.lukashchuk.appll.services.ApplianceService - IN add - NameTestUpd appliance updated at id = 70
2023-02-22 13:51:50.094 [JavaFX Application Thread] INFO  org.lukashchuk.appll.services.ApplianceService - IN getAll - 5 appliance found
2023-02-22 13:51:50.099 [JavaFX Application Thread] INFO  org.lukashchuk.appll.services.ApplianceService - IN sumPower - 0 power sum
2023-02-22 13:51:50.101 [JavaFX Application Thread] INFO  org.lukashchuk.appll.services.ApplianceService - IN getAll - 5 appliance found
2023-02-22 14:00:46.213 [JavaFX Application Thread] INFO  org.lukashchuk.appll.services.ApplianceService - IN getAll - 5 appliance found
2023-02-22 14:00:46.222 [JavaFX Application Thread] INFO  org.lukashchuk.appll.services.ApplianceService - IN sumPower - 0 power sum
2023-02-22 14:00:46.226 [JavaFX Application Thread] INFO  org.lukashchuk.appll.services.ApplianceService - IN getAll - 5 appliance found
2023-02-22 14:01:03.230 [JavaFX Application Thread] INFO  org.lukashchuk.appll.services.ApplianceService - IN getAll - 5 appliance found
2023-02-22 14:01:03.239 [JavaFX Application Thread] INFO  org.lukashchuk.appll.services.ApplianceService - IN sumPower - 0 power sum
2023-02-22 14:01:03.243 [JavaFX Application Thread] INFO  org.lukashchuk.appll.services.ApplianceService - IN getAll - 5 appliance found
2023-02-22 14:02:01.459 [JavaFX Application Thread] INFO  org.lukashchuk.appll.services.ApplianceService - IN getAll - 5 appliance found
2023-02-22 14:02:01.466 [JavaFX Application Thread] INFO  org.lukashchuk.appll.services.ApplianceService - IN sumPower - 0 power sum
2023-02-22 14:02:01.469 [JavaFX Application Thread] INFO  org.lukashchuk.appll.services.ApplianceService - IN getAll - 5 appliance found
2023-02-22 14:02:03.462 [JavaFX Application Thread] INFO  org.lukashchuk.appll.services.ApplianceService - IN add - 70 appliance updated
2023-02-22 14:02:03.465 [JavaFX Application Thread] INFO  org.lukashchuk.appll.services.ApplianceService - IN getAll - 5 appliance found
2023-02-22 14:02:03.470 [JavaFX Application Thread] INFO  org.lukashchuk.appll.services.ApplianceService - IN sumPower - 1 power sum
2023-02-22 14:07:53.723 [JavaFX Application Thread] INFO  org.lukashchuk.appll.services.ApplianceService - IN getAll - 5 appliance found
2023-02-22 14:07:53.731 [JavaFX Application Thread] INFO  org.lukashchuk.appll.services.ApplianceService - IN sumPower - 1 power sum
2023-02-22 14:07:53.734 [JavaFX Application Thread] INFO  org.lukashchuk.appll.services.ApplianceService - IN getAll - 5 appliance found
2023-02-22 14:07:55.732 [JavaFX Application Thread] INFO  org.lukashchuk.appll.services.ApplianceService - IN delete - 70 appliance deleted
2023-02-22 14:07:55.735 [JavaFX Application Thread] INFO  org.lukashchuk.appll.services.ApplianceService - IN getAll - 4 appliance found
2023-02-22 14:07:55.740 [JavaFX Application Thread] INFO  org.lukashchuk.appll.services.ApplianceService - IN sumPower - 0 power sum
2023-02-22 14:08:04.367 [JavaFX Application Thread] INFO  org.lukashchuk.appll.services.ApplianceService - IN getAll - 4 appliance found
2023-02-22 14:08:04.373 [JavaFX Application Thread] INFO  org.lukashchuk.appll.services.ApplianceService - IN sumPower - 0 power sum
2023-02-22 14:08:04.376 [JavaFX Application Thread] INFO  org.lukashchuk.appll.services.ApplianceService - IN getAll - 4 appliance found
2023-02-22 14:08:10.290 [JavaFX Application Thread] INFO  org.lukashchuk.appll.services.ApplianceService - IN add - NameTest appliance added
2023-02-22 14:08:10.300 [JavaFX Application Thread] INFO  org.lukashchuk.appll.services.ApplianceService - IN getAll - 5 appliance found
2023-02-22 14:08:10.305 [JavaFX Application Thread] INFO  org.lukashchuk.appll.services.ApplianceService - IN sumPower - 0 power sum
2023-02-22 14:08:10.627 [JavaFX Application Thread] INFO  org.lukashchuk.appll.services.ApplianceService - IN getAll - 5 appliance found
2023-02-22 14:08:10.631 [JavaFX Application Thread] INFO  org.lukashchuk.appll.services.ApplianceService - IN sumPower - 0 power sum
2023-02-22 14:08:10.634 [JavaFX Application Thread] INFO  org.lukashchuk.appll.services.ApplianceService - IN getAll - 5 appliance found
2023-02-22 14:08:14.013 [JavaFX Application Thread] INFO  org.lukashchuk.appll.services.ApplianceService - IN add - NameTestUpd appliance updated at id = 71
2023-02-22 14:08:14.022 [JavaFX Application Thread] INFO  org.lukashchuk.appll.services.ApplianceService - IN getAll - 5 appliance found
2023-02-22 14:08:14.027 [JavaFX Application Thread] INFO  org.lukashchuk.appll.services.ApplianceService - IN sumPower - 0 power sum
2023-02-22 14:08:14.029 [JavaFX Application Thread] INFO  org.lukashchuk.appll.services.ApplianceService - IN getAll - 5 appliance found
2023-02-22 14:08:14.316 [JavaFX Application Thread] INFO  org.lukashchuk.appll.services.ApplianceService - IN getAll - 5 appliance found
2023-02-22 14:08:14.320 [JavaFX Application Thread] INFO  org.lukashchuk.appll.services.ApplianceService - IN sumPower - 0 power sum
2023-02-22 14:08:14.323 [JavaFX Application Thread] INFO  org.lukashchuk.appll.services.ApplianceService - IN getAll - 5 appliance found
2023-02-22 14:08:15.933 [JavaFX Application Thread] INFO  org.lukashchuk.appll.services.ApplianceService - IN add - 71 appliance updated
2023-02-22 14:08:15.936 [JavaFX Application Thread] INFO  org.lukashchuk.appll.services.ApplianceService - IN getAll - 5 appliance found
2023-02-22 14:08:15.940 [JavaFX Application Thread] INFO  org.lukashchuk.appll.services.ApplianceService - IN sumPower - 1 power sum
2023-02-22 14:08:16.190 [JavaFX Application Thread] INFO  org.lukashchuk.appll.services.ApplianceService - IN getAll - 5 appliance found
2023-02-22 14:08:16.194 [JavaFX Application Thread] INFO  org.lukashchuk.appll.services.ApplianceService - IN sumPower - 1 power sum
2023-02-22 14:08:16.196 [JavaFX Application Thread] INFO  org.lukashchuk.appll.services.ApplianceService - IN getAll - 5 appliance found
2023-02-22 14:08:17.757 [JavaFX Application Thread] INFO  org.lukashchuk.appll.services.ApplianceService - IN delete - 71 appliance deleted
2023-02-22 14:08:17.760 [JavaFX Application Thread] INFO  org.lukashchuk.appll.services.ApplianceService - IN getAll - 4 appliance found
2023-02-22 14:08:17.763 [JavaFX Application Thread] INFO  org.lukashchuk.appll.services.ApplianceService - IN sumPower - 0 power sum
2023-02-22 14:56:44.839 [JavaFX Application Thread] INFO  org.lukashchuk.appll.services.ApplianceService - IN getAll - 4 appliance found
2023-02-22 14:56:44.846 [JavaFX Application Thread] INFO  org.lukashchuk.appll.services.ApplianceService - IN sumPower - 0 power sum
2023-02-22 14:56:44.849 [JavaFX Application Thread] INFO  org.lukashchuk.appll.services.ApplianceService - IN getAll - 4 appliance found
2023-02-22 15:06:51.013 [JavaFX Application Thread] INFO  org.lukashchuk.appll.services.ApplianceService - IN getAll - 4 appliance found
2023-02-22 15:06:51.020 [JavaFX Application Thread] INFO  org.lukashchuk.appll.services.ApplianceService - IN sumPower - 0 power sum
2023-02-22 15:06:51.023 [JavaFX Application Thread] INFO  org.lukashchuk.appll.services.ApplianceService - IN getAll - 4 appliance found
2023-02-22 15:08:55.041 [JavaFX Application Thread] INFO  org.lukashchuk.appll.services.ApplianceService - IN getAll - 4 appliance found
2023-02-22 15:08:55.048 [JavaFX Application Thread] INFO  org.lukashchuk.appll.services.ApplianceService - IN sumPower - 0 power sum
2023-02-22 15:08:55.052 [JavaFX Application Thread] INFO  org.lukashchuk.appll.services.ApplianceService - IN getAll - 4 appliance found
2023-02-22 15:09:07.324 [JavaFX Application Thread] INFO  org.lukashchuk.appll.services.ApplianceService - IN add - 123 appliance added
2023-02-22 15:09:07.333 [JavaFX Application Thread] INFO  org.lukashchuk.appll.services.ApplianceService - IN getAll - 5 appliance found
2023-02-22 15:09:07.339 [JavaFX Application Thread] INFO  org.lukashchuk.appll.services.ApplianceService - IN sumPower - 0 power sum
2023-02-22 15:10:01.600 [JavaFX Application Thread] INFO  org.lukashchuk.appll.services.ApplianceService - IN getAll - 5 appliance found
2023-02-22 15:10:01.608 [JavaFX Application Thread] INFO  org.lukashchuk.appll.services.ApplianceService - IN sumPower - 0 power sum
2023-02-22 15:10:01.612 [JavaFX Application Thread] INFO  org.lukashchuk.appll.services.ApplianceService - IN getAll - 5 appliance found
2023-02-22 15:10:33.220 [JavaFX Application Thread] INFO  org.lukashchuk.appll.services.ApplianceService - IN getAll - 5 appliance found
2023-02-22 15:10:33.229 [JavaFX Application Thread] INFO  org.lukashchuk.appll.services.ApplianceService - IN sumPower - 0 power sum
2023-02-22 15:10:40.262 [JavaFX Application Thread] INFO  org.lukashchuk.appll.services.ApplianceService - IN add - 123 appliance added
2023-02-22 15:10:40.272 [JavaFX Application Thread] INFO  org.lukashchuk.appll.services.ApplianceService - IN getAll - 6 appliance found
2023-02-22 15:10:40.278 [JavaFX Application Thread] INFO  org.lukashchuk.appll.services.ApplianceService - IN sumPower - 0 power sum
2023-02-22 15:12:48.319 [JavaFX Application Thread] INFO  org.lukashchuk.appll.services.ApplianceService - IN getAll - 6 appliance found
2023-02-22 15:12:48.328 [JavaFX Application Thread] INFO  org.lukashchuk.appll.services.ApplianceService - IN sumPower - 0 power sum
2023-02-22 15:12:48.332 [JavaFX Application Thread] INFO  org.lukashchuk.appll.services.ApplianceService - IN getAll - 6 appliance found
2023-02-22 15:12:54.902 [JavaFX Application Thread] INFO  org.lukashchuk.appll.services.ApplianceService - IN add - 123 appliance added
2023-02-22 15:12:54.912 [JavaFX Application Thread] INFO  org.lukashchuk.appll.services.ApplianceService - IN getAll - 7 appliance found
2023-02-22 15:12:54.918 [JavaFX Application Thread] INFO  org.lukashchuk.appll.services.ApplianceService - IN sumPower - 0 power sum
2023-02-22 15:13:00.306 [JavaFX Application Thread] INFO  org.lukashchuk.appll.services.ApplianceService - IN add - 75 appliance updated
2023-02-22 15:13:00.310 [JavaFX Application Thread] INFO  org.lukashchuk.appll.services.ApplianceService - IN getAll - 7 appliance found
2023-02-22 15:13:00.316 [JavaFX Application Thread] INFO  org.lukashchuk.appll.services.ApplianceService - IN sumPower - 123 power sum
2023-02-22 15:13:04.241 [JavaFX Application Thread] INFO  org.lukashchuk.appll.services.ApplianceService - IN add - 69 appliance updated
2023-02-22 15:13:04.245 [JavaFX Application Thread] INFO  org.lukashchuk.appll.services.ApplianceService - IN getAll - 7 appliance found
2023-02-22 15:13:04.251 [JavaFX Application Thread] INFO  org.lukashchuk.appll.services.ApplianceService - IN sumPower - 124 power sum
2023-02-22 15:13:24.776 [JavaFX Application Thread] INFO  org.lukashchuk.appll.services.ApplianceService - IN getAll - 7 appliance found
2023-02-22 15:13:24.784 [JavaFX Application Thread] INFO  org.lukashchuk.appll.services.ApplianceService - IN sumPower - 124 power sum
2023-02-22 15:13:24.788 [JavaFX Application Thread] INFO  org.lukashchuk.appll.services.ApplianceService - IN getAll - 7 appliance found
2023-02-22 15:17:17.947 [JavaFX Application Thread] INFO  org.lukashchuk.appll.services.ApplianceService - IN getAll - 7 appliance found
2023-02-22 15:17:17.956 [JavaFX Application Thread] INFO  org.lukashchuk.appll.services.ApplianceService - IN sumPower - 124 power sum
2023-02-22 15:17:17.960 [JavaFX Application Thread] INFO  org.lukashchuk.appll.services.ApplianceService - IN getAll - 7 appliance found
2023-02-22 15:17:21.245 [JavaFX Application Thread] INFO  org.lukashchuk.appll.services.ApplianceService - IN getAll - 7 appliance found
2023-02-22 15:17:21.251 [JavaFX Application Thread] INFO  org.lukashchuk.appll.services.ApplianceService - IN sumPower - 124 power sum
2023-02-22 15:17:50.787 [JavaFX Application Thread] INFO  org.lukashchuk.appll.services.ApplianceService - IN getAll - 7 appliance found
2023-02-22 15:17:50.796 [JavaFX Application Thread] INFO  org.lukashchuk.appll.services.ApplianceService - IN sumPower - 124 power sum
2023-02-22 15:17:50.801 [JavaFX Application Thread] INFO  org.lukashchuk.appll.services.ApplianceService - IN getAll - 7 appliance found
2023-02-22 15:17:52.814 [JavaFX Application Thread] INFO  org.lukashchuk.appll.services.ApplianceService - IN getAll - 7 appliance found
2023-02-22 15:17:52.821 [JavaFX Application Thread] INFO  org.lukashchuk.appll.services.ApplianceService - IN sumPower - 124 power sum
2023-02-22 15:18:46.764 [JavaFX Application Thread] INFO  org.lukashchuk.appll.services.ApplianceService - IN getAll - 7 appliance found
2023-02-22 15:18:46.774 [JavaFX Application Thread] INFO  org.lukashchuk.appll.services.ApplianceService - IN sumPower - 124 power sum
2023-02-22 15:18:46.779 [JavaFX Application Thread] INFO  org.lukashchuk.appll.services.ApplianceService - IN getAll - 7 appliance found
2023-02-22 15:18:48.994 [JavaFX Application Thread] INFO  org.lukashchuk.appll.services.ApplianceService - IN getAll - 7 appliance found
2023-02-22 15:18:49.001 [JavaFX Application Thread] INFO  org.lukashchuk.appll.services.ApplianceService - IN sumPower - 124 power sum
2023-02-22 15:18:50.441 [JavaFX Application Thread] INFO  org.lukashchuk.appll.services.ApplianceService - IN getAll - 7 appliance found
2023-02-22 15:18:50.447 [JavaFX Application Thread] INFO  org.lukashchuk.appll.services.ApplianceService - IN sumPower - 124 power sum
2023-02-22 15:18:50.457 [JavaFX Application Thread] INFO  org.lukashchuk.appll.services.ApplianceService - IN getAll - 7 appliance found
2023-02-22 15:18:50.463 [JavaFX Application Thread] INFO  org.lukashchuk.appll.services.ApplianceService - IN sumPower - 124 power sum
2023-02-22 15:18:50.466 [JavaFX Application Thread] INFO  org.lukashchuk.appll.services.ApplianceService - IN getAll - 7 appliance found
2023-02-22 16:40:29.877 [JavaFX Application Thread] INFO  org.lukashchuk.appll.services.ApplianceService - IN getAll - 7 appliance found
2023-02-22 16:40:29.886 [JavaFX Application Thread] INFO  org.lukashchuk.appll.services.ApplianceService - IN sumPower - 124 power sum
2023-02-22 16:40:29.890 [JavaFX Application Thread] INFO  org.lukashchuk.appll.services.ApplianceService - IN getAll - 7 appliance found
2023-02-22 16:44:31.764 [JavaFX Application Thread] INFO  org.lukashchuk.appll.services.ApplianceService - IN getAll - 7 appliance found
2023-02-22 16:44:31.772 [JavaFX Application Thread] INFO  org.lukashchuk.appll.services.ApplianceService - IN sumPower - 124 power sum
2023-02-22 16:44:31.776 [JavaFX Application Thread] INFO  org.lukashchuk.appll.services.ApplianceService - IN getAll - 7 appliance found
2023-02-22 17:27:58.827 [JavaFX Application Thread] INFO  org.lukashchuk.appll.services.ApplianceService - IN getAll - 7 appliance found
2023-02-22 17:27:58.835 [JavaFX Application Thread] INFO  org.lukashchuk.appll.services.ApplianceService - IN sumPower - 124 power sum
2023-02-22 17:27:58.839 [JavaFX Application Thread] INFO  org.lukashchuk.appll.services.ApplianceService - IN getAll - 7 appliance found
2023-02-22 17:32:37.632 [JavaFX Application Thread] INFO  org.lukashchuk.appll.services.ApplianceService - IN getAll - 7 appliance found
2023-02-22 17:32:37.641 [JavaFX Application Thread] INFO  org.lukashchuk.appll.services.ApplianceService - IN sumPower - 124 power sum
2023-02-22 17:32:37.646 [JavaFX Application Thread] INFO  org.lukashchuk.appll.services.ApplianceService - IN getAll - 7 appliance found
2023-02-22 17:32:43.755 [JavaFX Application Thread] INFO  org.lukashchuk.appll.services.ApplianceService - IN add - NameTest appliance added
2023-02-22 17:32:43.765 [JavaFX Application Thread] INFO  org.lukashchuk.appll.services.ApplianceService - IN getAll - 8 appliance found
2023-02-22 17:32:43.772 [JavaFX Application Thread] INFO  org.lukashchuk.appll.services.ApplianceService - IN sumPower - 124 power sum
2023-02-22 17:32:44.110 [JavaFX Application Thread] INFO  org.lukashchuk.appll.services.ApplianceService - IN getAll - 8 appliance found
2023-02-22 17:32:44.115 [JavaFX Application Thread] INFO  org.lukashchuk.appll.services.ApplianceService - IN sumPower - 124 power sum
2023-02-22 17:32:44.119 [JavaFX Application Thread] INFO  org.lukashchuk.appll.services.ApplianceService - IN getAll - 8 appliance found
2023-02-22 17:32:47.504 [JavaFX Application Thread] INFO  org.lukashchuk.appll.services.ApplianceService - IN add - NameTestUpd appliance updated at id = 76
2023-02-22 17:32:47.514 [JavaFX Application Thread] INFO  org.lukashchuk.appll.services.ApplianceService - IN getAll - 8 appliance found
2023-02-22 17:32:47.519 [JavaFX Application Thread] INFO  org.lukashchuk.appll.services.ApplianceService - IN sumPower - 124 power sum
2023-02-22 17:32:47.523 [JavaFX Application Thread] INFO  org.lukashchuk.appll.services.ApplianceService - IN getAll - 8 appliance found
2023-02-22 17:32:47.812 [JavaFX Application Thread] INFO  org.lukashchuk.appll.services.ApplianceService - IN getAll - 8 appliance found
2023-02-22 17:32:47.817 [JavaFX Application Thread] INFO  org.lukashchuk.appll.services.ApplianceService - IN sumPower - 124 power sum
2023-02-22 17:32:47.820 [JavaFX Application Thread] INFO  org.lukashchuk.appll.services.ApplianceService - IN getAll - 8 appliance found
2023-02-22 17:32:49.395 [JavaFX Application Thread] INFO  org.lukashchuk.appll.services.ApplianceService - IN add - 76 appliance updated
2023-02-22 17:32:49.399 [JavaFX Application Thread] INFO  org.lukashchuk.appll.services.ApplianceService - IN getAll - 8 appliance found
2023-02-22 17:32:49.404 [JavaFX Application Thread] INFO  org.lukashchuk.appll.services.ApplianceService - IN sumPower - 125 power sum
2023-02-22 17:32:49.651 [JavaFX Application Thread] INFO  org.lukashchuk.appll.services.ApplianceService - IN getAll - 8 appliance found
2023-02-22 17:32:49.656 [JavaFX Application Thread] INFO  org.lukashchuk.appll.services.ApplianceService - IN sumPower - 125 power sum
2023-02-22 17:32:49.659 [JavaFX Application Thread] INFO  org.lukashchuk.appll.services.ApplianceService - IN getAll - 8 appliance found
2023-02-22 17:32:51.260 [JavaFX Application Thread] INFO  org.lukashchuk.appll.services.ApplianceService - IN delete - 76 appliance deleted
2023-02-22 17:32:51.264 [JavaFX Application Thread] INFO  org.lukashchuk.appll.services.ApplianceService - IN getAll - 7 appliance found
2023-02-22 17:32:51.269 [JavaFX Application Thread] INFO  org.lukashchuk.appll.services.ApplianceService - IN sumPower - 124 power sum
2023-02-22 17:46:41.526 [JavaFX Application Thread] INFO  org.lukashchuk.appll.services.ApplianceService - IN getAll - 0 appliance found
2023-02-22 17:46:41.533 [JavaFX Application Thread] INFO  org.lukashchuk.appll.services.ApplianceService - IN sumPower - 0 power sum
2023-02-22 17:46:41.537 [JavaFX Application Thread] INFO  org.lukashchuk.appll.services.ApplianceService - IN getAll - 0 appliance found
2023-02-22 17:47:01.450 [JavaFX Application Thread] INFO  org.lukashchuk.appll.services.ApplianceService - IN add -  appliance added
2023-02-22 17:47:01.459 [JavaFX Application Thread] INFO  org.lukashchuk.appll.services.ApplianceService - IN getAll - 1 appliance found
2023-02-22 17:47:01.465 [JavaFX Application Thread] INFO  org.lukashchuk.appll.services.ApplianceService - IN sumPower - 0 power sum
2023-02-22 17:47:21.187 [JavaFX Application Thread] INFO  org.lukashchuk.appll.services.ApplianceService - IN add -  appliance added
2023-02-22 17:47:21.195 [JavaFX Application Thread] INFO  org.lukashchuk.appll.services.ApplianceService - IN getAll - 2 appliance found
2023-02-22 17:47:21.201 [JavaFX Application Thread] INFO  org.lukashchuk.appll.services.ApplianceService - IN sumPower - 0 power sum
2023-02-22 17:47:45.013 [JavaFX Application Thread] INFO  org.lukashchuk.appll.services.ApplianceService - IN add -  appliance added
2023-02-22 17:47:45.022 [JavaFX Application Thread] INFO  org.lukashchuk.appll.services.ApplianceService - IN getAll - 3 appliance found
2023-02-22 17:47:45.028 [JavaFX Application Thread] INFO  org.lukashchuk.appll.services.ApplianceService - IN sumPower - 0 power sum
2023-02-22 17:47:55.951 [JavaFX Application Thread] INFO  org.lukashchuk.appll.services.ApplianceService - IN add - 78 appliance updated
2023-02-22 17:47:55.954 [JavaFX Application Thread] INFO  org.lukashchuk.appll.services.ApplianceService - IN getAll - 3 appliance found
2023-02-22 17:47:55.959 [JavaFX Application Thread] INFO  org.lukashchuk.appll.services.ApplianceService - IN sumPower - 350 power sum
2023-02-22 17:50:57.607 [JavaFX Application Thread] INFO  org.lukashchuk.appll.services.ApplianceService - IN getAll - 3 appliance found
2023-02-22 17:50:57.611 [JavaFX Application Thread] INFO  org.lukashchuk.appll.services.ApplianceService - IN sumPower - 350 power sum
2023-02-22 17:50:57.620 [JavaFX Application Thread] INFO  org.lukashchuk.appll.services.ApplianceService - IN getAll - 3 appliance found
2023-02-22 17:50:57.625 [JavaFX Application Thread] INFO  org.lukashchuk.appll.services.ApplianceService - IN sumPower - 350 power sum
2023-02-22 17:50:57.627 [JavaFX Application Thread] INFO  org.lukashchuk.appll.services.ApplianceService - IN getAll - 3 appliance found
2023-02-22 17:51:19.037 [JavaFX Application Thread] INFO  org.lukashchuk.appll.services.ApplianceService - IN getAll - 3 appliance found
2023-02-22 17:51:19.043 [JavaFX Application Thread] INFO  org.lukashchuk.appll.services.ApplianceService - IN sumPower - 350 power sum
2023-02-22 17:52:31.524 [JavaFX Application Thread] INFO  org.lukashchuk.appll.services.ApplianceService - IN add - 1 appliance added
2023-02-22 17:52:31.532 [JavaFX Application Thread] INFO  org.lukashchuk.appll.services.ApplianceService - IN getAll - 4 appliance found
2023-02-22 17:52:31.538 [JavaFX Application Thread] INFO  org.lukashchuk.appll.services.ApplianceService - IN sumPower - 350 power sum
2023-02-22 17:52:37.947 [JavaFX Application Thread] INFO  org.lukashchuk.appll.services.ApplianceService - IN delete - 80 appliance deleted
2023-02-22 17:52:37.949 [JavaFX Application Thread] INFO  org.lukashchuk.appll.services.ApplianceService - IN getAll - 3 appliance found
2023-02-22 17:52:37.954 [JavaFX Application Thread] INFO  org.lukashchuk.appll.services.ApplianceService - IN sumPower - 350 power sum
2023-02-22 17:53:37.079 [JavaFX Application Thread] INFO  org.lukashchuk.appll.services.ApplianceService - IN add -  appliance added
2023-02-22 17:53:37.087 [JavaFX Application Thread] INFO  org.lukashchuk.appll.services.ApplianceService - IN getAll - 4 appliance found
2023-02-22 17:53:37.094 [JavaFX Application Thread] INFO  org.lukashchuk.appll.services.ApplianceService - IN sumPower - 350 power sum
2023-02-22 17:54:02.758 [JavaFX Application Thread] INFO  org.lukashchuk.appll.services.ApplianceService - IN delete - 81 appliance deleted
2023-02-22 17:54:02.760 [JavaFX Application Thread] INFO  org.lukashchuk.appll.services.ApplianceService - IN getAll - 3 appliance found
2023-02-22 17:54:02.766 [JavaFX Application Thread] INFO  org.lukashchuk.appll.services.ApplianceService - IN sumPower - 350 power sum
2023-02-22 17:55:22.720 [JavaFX Application Thread] INFO  org.lukashchuk.appll.services.ApplianceService - IN getAll - 3 appliance found
2023-02-22 17:55:22.725 [JavaFX Application Thread] INFO  org.lukashchuk.appll.services.ApplianceService - IN sumPower - 350 power sum
2023-02-22 17:55:22.734 [JavaFX Application Thread] INFO  org.lukashchuk.appll.services.ApplianceService - IN getAll - 3 appliance found
2023-02-22 17:55:22.740 [JavaFX Application Thread] INFO  org.lukashchuk.appll.services.ApplianceService - IN sumPower - 350 power sum
2023-02-22 17:55:22.744 [JavaFX Application Thread] INFO  org.lukashchuk.appll.services.ApplianceService - IN getAll - 3 appliance found
2023-02-22 17:59:14.524 [JavaFX Application Thread] INFO  org.lukashchuk.appll.services.ApplianceService - IN add - 78 appliance updated
2023-02-22 17:59:14.527 [JavaFX Application Thread] INFO  org.lukashchuk.appll.services.ApplianceService - IN getAll - 3 appliance found
2023-02-22 17:59:14.531 [JavaFX Application Thread] INFO  org.lukashchuk.appll.services.ApplianceService - IN sumPower - 0 power sum
2023-02-22 17:59:15.656 [JavaFX Application Thread] INFO  org.lukashchuk.appll.services.ApplianceService - IN add - 78 appliance updated
2023-02-22 17:59:15.659 [JavaFX Application Thread] INFO  org.lukashchuk.appll.services.ApplianceService - IN getAll - 3 appliance found
2023-02-22 17:59:15.663 [JavaFX Application Thread] INFO  org.lukashchuk.appll.services.ApplianceService - IN sumPower - 350 power sum
2023-02-22 18:00:41.327 [JavaFX Application Thread] INFO  org.lukashchuk.appll.services.ApplianceService - IN add - 77 appliance updated
2023-02-22 18:00:41.330 [JavaFX Application Thread] INFO  org.lukashchuk.appll.services.ApplianceService - IN getAll - 3 appliance found
2023-02-22 18:00:41.334 [JavaFX Application Thread] INFO  org.lukashchuk.appll.services.ApplianceService - IN sumPower - 950 power sum
2023-02-22 18:03:05.574 [JavaFX Application Thread] INFO  org.lukashchuk.appll.services.ApplianceService - IN getAll - 3 appliance found
2023-02-22 18:03:05.582 [JavaFX Application Thread] INFO  org.lukashchuk.appll.services.ApplianceService - IN sumPower - 950 power sum
2023-02-22 18:03:08.040 [JavaFX Application Thread] INFO  org.lukashchuk.appll.services.ApplianceService - IN getAll - 3 appliance found
2023-02-22 18:03:08.048 [JavaFX Application Thread] INFO  org.lukashchuk.appll.services.ApplianceService - IN sumPower - 950 power sum
2023-02-22 18:03:08.053 [JavaFX Application Thread] INFO  org.lukashchuk.appll.services.ApplianceService - IN getAll - 3 appliance found
