2023-02-21 11:27:09.712 [main] INFO  org.lukashchuk.appll.services.ApplianceService - IN getAll - 4 appliance found
2023-02-21 11:27:09.724 [main] INFO  org.lukashchuk.appll.services.ApplianceService - IN sumPower - 205 power sum
2023-02-21 11:28:25.171 [main] INFO  org.lukashchuk.appll.services.ApplianceService - IN getAll - 4 appliance found
2023-02-21 11:28:25.186 [main] INFO  org.lukashchuk.appll.services.ApplianceService - IN sumPower - 205 power sum
2023-02-21 11:41:54.354 [main] INFO  org.lukashchuk.appll.services.ApplianceService - IN getAll - 4 appliance found
2023-02-21 11:42:38.381 [main] INFO  org.lukashchuk.appll.services.ApplianceService - IN getAll - 4 appliance found
2023-02-21 12:06:27.994 [JavaFX Application Thread] INFO  org.lukashchuk.appll.services.ApplianceService - IN getAll - 4 appliance found
2023-02-21 12:08:22.880 [JavaFX Application Thread] INFO  org.lukashchuk.appll.services.ApplianceService - IN getAll - 4 appliance found
2023-02-21 12:08:43.569 [JavaFX Application Thread] INFO  org.lukashchuk.appll.services.ApplianceService - IN getAll - 4 appliance found
2023-02-21 12:15:20.552 [JavaFX Application Thread] INFO  org.lukashchuk.appll.services.ApplianceService - IN getAll - 4 appliance found
2023-02-21 12:18:01.640 [JavaFX Application Thread] INFO  org.lukashchuk.appll.services.ApplianceService - IN getAll - 4 appliance found
2023-02-21 12:28:57.992 [JavaFX Application Thread] INFO  org.lukashchuk.appll.services.ApplianceService - IN getAll - 4 appliance found
2023-02-21 12:28:58.001 [JavaFX Application Thread] INFO  org.lukashchuk.appll.services.ApplianceService - IN sumPower - 205 power sum
2023-02-21 12:36:08.914 [JavaFX Application Thread] INFO  org.lukashchuk.appll.services.ApplianceService - IN getAll - 4 appliance found
2023-02-21 12:36:08.924 [JavaFX Application Thread] INFO  org.lukashchuk.appll.services.ApplianceService - IN sumPower - 205 power sum
2023-02-21 12:39:10.182 [JavaFX Application Thread] INFO  org.lukashchuk.appll.services.ApplianceService - IN getAll - 4 appliance found
2023-02-21 12:39:10.190 [JavaFX Application Thread] INFO  org.lukashchuk.appll.services.ApplianceService - IN sumPower - 205 power sum
2023-02-21 12:40:10.927 [JavaFX Application Thread] INFO  org.lukashchuk.appll.services.ApplianceService - IN getAll - 4 appliance found
2023-02-21 12:40:10.935 [JavaFX Application Thread] INFO  org.lukashchuk.appll.services.ApplianceService - IN sumPower - 205 power sum
2023-02-21 12:40:52.904 [JavaFX Application Thread] INFO  org.lukashchuk.appll.services.ApplianceService - IN getAll - 4 appliance found
2023-02-21 12:40:52.921 [JavaFX Application Thread] INFO  org.lukashchuk.appll.services.ApplianceService - IN sumPower - 205 power sum
2023-02-21 12:44:03.047 [JavaFX Application Thread] INFO  org.lukashchuk.appll.services.ApplianceService - IN getAll - 4 appliance found
2023-02-21 12:44:03.057 [JavaFX Application Thread] INFO  org.lukashchuk.appll.services.ApplianceService - IN sumPower - 205 power sum
2023-02-21 12:44:16.851 [JavaFX Application Thread] INFO  org.lukashchuk.appll.services.ApplianceService - IN getAll - 4 appliance found
2023-02-21 12:44:16.860 [JavaFX Application Thread] INFO  org.lukashchuk.appll.services.ApplianceService - IN sumPower - 205 power sum
2023-02-21 12:44:45.296 [JavaFX Application Thread] INFO  org.lukashchuk.appll.services.ApplianceService - IN getAll - 4 appliance found
2023-02-21 12:44:45.304 [JavaFX Application Thread] INFO  org.lukashchuk.appll.services.ApplianceService - IN sumPower - 205 power sum
2023-02-21 12:50:07.436 [JavaFX Application Thread] INFO  org.lukashchuk.appll.services.ApplianceService - IN getAll - 4 appliance found
2023-02-21 12:50:07.446 [JavaFX Application Thread] INFO  org.lukashchuk.appll.services.ApplianceService - IN sumPower - 205 power sum
2023-02-21 12:50:17.847 [JavaFX Application Thread] INFO  org.lukashchuk.appll.services.ApplianceService - IN getAll - 4 appliance found
2023-02-21 12:50:17.856 [JavaFX Application Thread] INFO  org.lukashchuk.appll.services.ApplianceService - IN sumPower - 205 power sum
2023-02-21 13:46:15.751 [JavaFX Application Thread] INFO  org.lukashchuk.appll.services.ApplianceService - IN getAll - 4 appliance found
2023-02-21 13:46:15.760 [JavaFX Application Thread] INFO  org.lukashchuk.appll.services.ApplianceService - IN sumPower - 205 power sum
2023-02-21 13:46:57.009 [JavaFX Application Thread] INFO  org.lukashchuk.appll.services.ApplianceService - IN getAll - 4 appliance found
2023-02-21 13:46:57.028 [JavaFX Application Thread] INFO  org.lukashchuk.appll.services.ApplianceService - IN sumPower - 205 power sum
2023-02-21 13:47:46.208 [JavaFX Application Thread] INFO  org.lukashchuk.appll.services.ApplianceService - IN getAll - 4 appliance found
2023-02-21 13:47:46.217 [JavaFX Application Thread] INFO  org.lukashchuk.appll.services.ApplianceService - IN sumPower - 205 power sum
2023-02-21 13:49:48.420 [JavaFX Application Thread] INFO  org.lukashchuk.appll.services.ApplianceService - IN getAll - 4 appliance found
2023-02-21 13:49:48.429 [JavaFX Application Thread] INFO  org.lukashchuk.appll.services.ApplianceService - IN sumPower - 205 power sum
2023-02-21 13:51:58.427 [JavaFX Application Thread] INFO  org.lukashchuk.appll.services.ApplianceService - IN getAll - 4 appliance found
2023-02-21 13:51:58.436 [JavaFX Application Thread] INFO  org.lukashchuk.appll.services.ApplianceService - IN sumPower - 205 power sum
2023-02-21 13:52:25.421 [JavaFX Application Thread] INFO  org.lukashchuk.appll.services.ApplianceService - IN getAll - 4 appliance found
2023-02-21 13:52:25.431 [JavaFX Application Thread] INFO  org.lukashchuk.appll.services.ApplianceService - IN sumPower - 205 power sum
2023-02-21 13:53:39.545 [JavaFX Application Thread] INFO  org.lukashchuk.appll.services.ApplianceService - IN getAll - 4 appliance found
2023-02-21 13:53:39.557 [JavaFX Application Thread] INFO  org.lukashchuk.appll.services.ApplianceService - IN sumPower - 205 power sum
2023-02-21 13:54:19.176 [JavaFX Application Thread] INFO  org.lukashchuk.appll.services.ApplianceService - IN getAll - 4 appliance found
2023-02-21 13:54:19.184 [JavaFX Application Thread] INFO  org.lukashchuk.appll.services.ApplianceService - IN sumPower - 205 power sum
2023-02-21 13:54:40.696 [JavaFX Application Thread] INFO  org.lukashchuk.appll.services.ApplianceService - IN getAll - 4 appliance found
2023-02-21 13:54:40.705 [JavaFX Application Thread] INFO  org.lukashchuk.appll.services.ApplianceService - IN sumPower - 205 power sum
2023-02-21 13:54:51.726 [JavaFX Application Thread] INFO  org.lukashchuk.appll.services.ApplianceService - IN getAll - 4 appliance found
2023-02-21 13:54:51.734 [JavaFX Application Thread] INFO  org.lukashchuk.appll.services.ApplianceService - IN sumPower - 205 power sum
2023-02-21 13:57:24.480 [JavaFX Application Thread] INFO  org.lukashchuk.appll.services.ApplianceService - IN getAll - 4 appliance found
2023-02-21 13:57:24.488 [JavaFX Application Thread] INFO  org.lukashchuk.appll.services.ApplianceService - IN sumPower - 205 power sum
2023-02-21 13:58:08.679 [JavaFX Application Thread] INFO  org.lukashchuk.appll.services.ApplianceService - IN getAll - 4 appliance found
2023-02-21 13:58:08.689 [JavaFX Application Thread] INFO  org.lukashchuk.appll.services.ApplianceService - IN sumPower - 205 power sum
2023-02-21 14:00:17.460 [JavaFX Application Thread] INFO  org.lukashchuk.appll.services.ApplianceService - IN getAll - 4 appliance found
2023-02-21 14:00:17.469 [JavaFX Application Thread] INFO  org.lukashchuk.appll.services.ApplianceService - IN sumPower - 205 power sum
2023-02-21 14:02:45.793 [JavaFX Application Thread] INFO  org.lukashchuk.appll.services.ApplianceService - IN getAll - 4 appliance found
2023-02-21 14:02:45.801 [JavaFX Application Thread] INFO  org.lukashchuk.appll.services.ApplianceService - IN sumPower - 205 power sum
2023-02-21 14:03:13.163 [JavaFX Application Thread] INFO  org.lukashchuk.appll.services.ApplianceService - IN getAll - 4 appliance found
2023-02-21 14:03:13.181 [JavaFX Application Thread] INFO  org.lukashchuk.appll.services.ApplianceService - IN sumPower - 205 power sum
2023-02-21 14:04:07.163 [JavaFX Application Thread] INFO  org.lukashchuk.appll.services.ApplianceService - IN getAll - 4 appliance found
2023-02-21 14:04:07.173 [JavaFX Application Thread] INFO  org.lukashchuk.appll.services.ApplianceService - IN sumPower - 205 power sum
2023-02-21 14:10:48.955 [JavaFX Application Thread] INFO  org.lukashchuk.appll.services.ApplianceService - IN getAll - 4 appliance found
2023-02-21 14:10:48.965 [JavaFX Application Thread] INFO  org.lukashchuk.appll.services.ApplianceService - IN sumPower - 205 power sum
2023-02-21 14:11:00.193 [JavaFX Application Thread] INFO  org.lukashchuk.appll.services.ApplianceService - IN getAll - 4 appliance found
2023-02-21 14:11:00.203 [JavaFX Application Thread] INFO  org.lukashchuk.appll.services.ApplianceService - IN sumPower - 205 power sum
2023-02-21 14:11:10.258 [JavaFX Application Thread] INFO  org.lukashchuk.appll.services.ApplianceService - IN getAll - 4 appliance found
2023-02-21 14:11:10.266 [JavaFX Application Thread] INFO  org.lukashchuk.appll.services.ApplianceService - IN sumPower - 205 power sum
2023-02-21 14:11:16.782 [JavaFX Application Thread] INFO  org.lukashchuk.appll.services.ApplianceService - IN getAll - 4 appliance found
2023-02-21 14:11:16.790 [JavaFX Application Thread] INFO  org.lukashchuk.appll.services.ApplianceService - IN sumPower - 205 power sum
2023-02-21 14:11:25.582 [JavaFX Application Thread] INFO  org.lukashchuk.appll.services.ApplianceService - IN getAll - 4 appliance found
2023-02-21 14:11:25.590 [JavaFX Application Thread] INFO  org.lukashchuk.appll.services.ApplianceService - IN sumPower - 205 power sum
2023-02-21 14:11:32.791 [JavaFX Application Thread] INFO  org.lukashchuk.appll.services.ApplianceService - IN getAll - 4 appliance found
2023-02-21 14:11:32.798 [JavaFX Application Thread] INFO  org.lukashchuk.appll.services.ApplianceService - IN sumPower - 205 power sum
2023-02-21 14:11:42.721 [JavaFX Application Thread] INFO  org.lukashchuk.appll.services.ApplianceService - IN getAll - 4 appliance found
2023-02-21 14:11:42.737 [JavaFX Application Thread] INFO  org.lukashchuk.appll.services.ApplianceService - IN sumPower - 205 power sum
2023-02-21 14:13:59.451 [JavaFX Application Thread] INFO  org.lukashchuk.appll.services.ApplianceService - IN getAll - 4 appliance found
2023-02-21 14:13:59.460 [JavaFX Application Thread] INFO  org.lukashchuk.appll.services.ApplianceService - IN sumPower - 205 power sum
2023-02-21 14:14:53.684 [JavaFX Application Thread] INFO  org.lukashchuk.appll.services.ApplianceService - IN getAll - 4 appliance found
2023-02-21 14:14:53.693 [JavaFX Application Thread] INFO  org.lukashchuk.appll.services.ApplianceService - IN sumPower - 205 power sum
2023-02-21 14:15:05.730 [JavaFX Application Thread] INFO  org.lukashchuk.appll.services.ApplianceService - IN getAll - 4 appliance found
2023-02-21 14:15:05.740 [JavaFX Application Thread] INFO  org.lukashchuk.appll.services.ApplianceService - IN sumPower - 205 power sum
2023-02-21 14:16:53.662 [JavaFX Application Thread] INFO  org.lukashchuk.appll.services.ApplianceService - IN getAll - 4 appliance found
2023-02-21 14:16:53.670 [JavaFX Application Thread] INFO  org.lukashchuk.appll.services.ApplianceService - IN sumPower - 205 power sum
2023-02-21 14:33:00.066 [JavaFX Application Thread] INFO  org.lukashchuk.appll.services.ApplianceService - IN getAll - 4 appliance found
2023-02-21 14:33:00.074 [JavaFX Application Thread] INFO  org.lukashchuk.appll.services.ApplianceService - IN sumPower - 205 power sum
2023-02-21 14:33:14.821 [JavaFX Application Thread] INFO  org.lukashchuk.appll.services.ApplianceService - IN getAll - 4 appliance found
2023-02-21 14:33:14.829 [JavaFX Application Thread] INFO  org.lukashchuk.appll.services.ApplianceService - IN sumPower - 205 power sum
2023-02-21 14:33:54.153 [JavaFX Application Thread] INFO  org.lukashchuk.appll.services.ApplianceService - IN getAll - 4 appliance found
2023-02-21 14:33:54.161 [JavaFX Application Thread] INFO  org.lukashchuk.appll.services.ApplianceService - IN sumPower - 205 power sum
2023-02-21 14:34:17.188 [JavaFX Application Thread] INFO  org.lukashchuk.appll.services.ApplianceService - IN getAll - 4 appliance found
2023-02-21 14:34:17.196 [JavaFX Application Thread] INFO  org.lukashchuk.appll.services.ApplianceService - IN sumPower - 205 power sum
2023-02-21 14:35:09.322 [JavaFX Application Thread] INFO  org.lukashchuk.appll.services.ApplianceService - IN getAll - 4 appliance found
2023-02-21 14:35:09.330 [JavaFX Application Thread] INFO  org.lukashchuk.appll.services.ApplianceService - IN sumPower - 205 power sum
2023-02-21 14:37:47.591 [JavaFX Application Thread] INFO  org.lukashchuk.appll.services.ApplianceService - IN getAll - 4 appliance found
2023-02-21 14:37:47.601 [JavaFX Application Thread] INFO  org.lukashchuk.appll.services.ApplianceService - IN sumPower - 205 power sum
2023-02-21 14:38:10.192 [JavaFX Application Thread] INFO  org.lukashchuk.appll.services.ApplianceService - IN getAll - 4 appliance found
2023-02-21 14:38:10.200 [JavaFX Application Thread] INFO  org.lukashchuk.appll.services.ApplianceService - IN sumPower - 205 power sum
2023-02-21 14:40:13.014 [JavaFX Application Thread] INFO  org.lukashchuk.appll.services.ApplianceService - IN getAll - 4 appliance found
2023-02-21 14:40:13.024 [JavaFX Application Thread] INFO  org.lukashchuk.appll.services.ApplianceService - IN sumPower - 205 power sum
2023-02-21 14:48:40.377 [JavaFX Application Thread] INFO  org.lukashchuk.appll.services.ApplianceService - IN getAll - 4 appliance found
2023-02-21 14:48:40.386 [JavaFX Application Thread] INFO  org.lukashchuk.appll.services.ApplianceService - IN sumPower - 205 power sum
2023-02-21 14:51:04.640 [JavaFX Application Thread] INFO  org.lukashchuk.appll.services.ApplianceService - IN getAll - 4 appliance found
2023-02-21 14:51:04.648 [JavaFX Application Thread] INFO  org.lukashchuk.appll.services.ApplianceService - IN sumPower - 205 power sum
2023-02-21 15:00:56.313 [JavaFX Application Thread] INFO  org.lukashchuk.appll.services.ApplianceService - IN getAll - 4 appliance found
2023-02-21 15:00:56.320 [JavaFX Application Thread] INFO  org.lukashchuk.appll.services.ApplianceService - IN sumPower - 205 power sum
2023-02-21 15:03:43.293 [JavaFX Application Thread] INFO  org.lukashchuk.appll.services.ApplianceService - IN getAll - 4 appliance found
2023-02-21 15:03:43.301 [JavaFX Application Thread] INFO  org.lukashchuk.appll.services.ApplianceService - IN sumPower - 205 power sum
2023-02-21 15:06:42.612 [JavaFX Application Thread] INFO  org.lukashchuk.appll.services.ApplianceService - IN getAll - 4 appliance found
2023-02-21 15:06:42.620 [JavaFX Application Thread] INFO  org.lukashchuk.appll.services.ApplianceService - IN sumPower - 205 power sum
2023-02-21 15:06:53.536 [JavaFX Application Thread] INFO  org.lukashchuk.appll.services.ApplianceService - IN getAll - 4 appliance found
2023-02-21 15:06:53.544 [JavaFX Application Thread] INFO  org.lukashchuk.appll.services.ApplianceService - IN sumPower - 205 power sum
2023-02-21 15:07:00.963 [JavaFX Application Thread] INFO  org.lukashchuk.appll.services.ApplianceService - IN getAll - 4 appliance found
2023-02-21 15:07:00.972 [JavaFX Application Thread] INFO  org.lukashchuk.appll.services.ApplianceService - IN sumPower - 205 power sum
2023-02-21 15:07:23.493 [JavaFX Application Thread] INFO  org.lukashchuk.appll.services.ApplianceService - IN getAll - 4 appliance found
2023-02-21 15:07:23.502 [JavaFX Application Thread] INFO  org.lukashchuk.appll.services.ApplianceService - IN sumPower - 205 power sum
2023-02-21 15:07:50.611 [JavaFX Application Thread] INFO  org.lukashchuk.appll.services.ApplianceService - IN getAll - 4 appliance found
2023-02-21 15:07:50.626 [JavaFX Application Thread] INFO  org.lukashchuk.appll.services.ApplianceService - IN sumPower - 205 power sum
2023-02-21 15:08:02.650 [JavaFX Application Thread] INFO  org.lukashchuk.appll.services.ApplianceService - IN getAll - 4 appliance found
2023-02-21 15:08:02.658 [JavaFX Application Thread] INFO  org.lukashchuk.appll.services.ApplianceService - IN sumPower - 205 power sum
2023-02-21 15:09:10.597 [JavaFX Application Thread] INFO  org.lukashchuk.appll.services.ApplianceService - IN getAll - 4 appliance found
2023-02-21 15:09:10.605 [JavaFX Application Thread] INFO  org.lukashchuk.appll.services.ApplianceService - IN sumPower - 205 power sum
2023-02-21 15:09:49.528 [JavaFX Application Thread] INFO  org.lukashchuk.appll.services.ApplianceService - IN getAll - 4 appliance found
2023-02-21 15:09:49.536 [JavaFX Application Thread] INFO  org.lukashchuk.appll.services.ApplianceService - IN sumPower - 205 power sum
2023-02-21 15:12:11.925 [JavaFX Application Thread] INFO  org.lukashchuk.appll.services.ApplianceService - IN getAll - 4 appliance found
2023-02-21 15:12:11.933 [JavaFX Application Thread] INFO  org.lukashchuk.appll.services.ApplianceService - IN sumPower - 205 power sum
2023-02-21 15:18:54.688 [JavaFX Application Thread] INFO  org.lukashchuk.appll.services.ApplianceService - IN getAll - 4 appliance found
2023-02-21 15:18:54.696 [JavaFX Application Thread] INFO  org.lukashchuk.appll.services.ApplianceService - IN sumPower - 205 power sum
2023-02-21 15:19:13.432 [JavaFX Application Thread] INFO  org.lukashchuk.appll.services.ApplianceService - IN add - пилосос appliance added
2023-02-21 15:19:16.677 [JavaFX Application Thread] INFO  org.lukashchuk.appll.services.ApplianceService - IN add - пилосос appliance added
2023-02-21 15:19:16.851 [JavaFX Application Thread] INFO  org.lukashchuk.appll.services.ApplianceService - IN add - пилосос appliance added
2023-02-21 15:23:09.318 [JavaFX Application Thread] INFO  org.lukashchuk.appll.services.ApplianceService - IN getAll - 7 appliance found
2023-02-21 15:23:09.328 [JavaFX Application Thread] INFO  org.lukashchuk.appll.services.ApplianceService - IN sumPower - 205 power sum
2023-02-21 15:23:17.255 [JavaFX Application Thread] INFO  org.lukashchuk.appll.services.ApplianceService - IN add - fd appliance added
2023-02-21 15:23:17.259 [JavaFX Application Thread] INFO  org.lukashchuk.appll.services.ApplianceService - IN getAll - 8 appliance found
2023-02-21 15:23:19.049 [JavaFX Application Thread] INFO  org.lukashchuk.appll.services.ApplianceService - IN add - fd appliance added
2023-02-21 15:23:19.053 [JavaFX Application Thread] INFO  org.lukashchuk.appll.services.ApplianceService - IN getAll - 9 appliance found
2023-02-21 15:26:49.928 [JavaFX Application Thread] INFO  org.lukashchuk.appll.services.ApplianceService - IN getAll - 9 appliance found
2023-02-21 15:26:49.937 [JavaFX Application Thread] INFO  org.lukashchuk.appll.services.ApplianceService - IN sumPower - 205 power sum
2023-02-21 15:26:55.119 [JavaFX Application Thread] INFO  org.lukashchuk.appll.services.ApplianceService - IN add - s appliance added
2023-02-21 15:26:55.123 [JavaFX Application Thread] INFO  org.lukashchuk.appll.services.ApplianceService - IN getAll - 10 appliance found
2023-02-21 15:26:57.606 [JavaFX Application Thread] INFO  org.lukashchuk.appll.services.ApplianceService - IN add - s appliance added
2023-02-21 15:26:57.609 [JavaFX Application Thread] INFO  org.lukashchuk.appll.services.ApplianceService - IN getAll - 11 appliance found
2023-02-21 15:32:14.660 [JavaFX Application Thread] INFO  org.lukashchuk.appll.services.ApplianceService - IN getAll - 11 appliance found
2023-02-21 15:32:14.671 [JavaFX Application Thread] INFO  org.lukashchuk.appll.services.ApplianceService - IN sumPower - 205 power sum
2023-02-21 15:32:19.827 [JavaFX Application Thread] INFO  org.lukashchuk.appll.services.ApplianceService - IN add - 2 appliance added
2023-02-21 15:32:21.215 [JavaFX Application Thread] INFO  org.lukashchuk.appll.services.ApplianceService - IN getAll - 12 appliance found
2023-02-21 15:32:21.220 [JavaFX Application Thread] INFO  org.lukashchuk.appll.services.ApplianceService - IN sumPower - 205 power sum
2023-02-21 15:32:21.902 [JavaFX Application Thread] INFO  org.lukashchuk.appll.services.ApplianceService - IN getAll - 12 appliance found
2023-02-21 15:32:21.909 [JavaFX Application Thread] INFO  org.lukashchuk.appll.services.ApplianceService - IN sumPower - 205 power sum
2023-02-21 15:32:23.922 [JavaFX Application Thread] INFO  org.lukashchuk.appll.services.ApplianceService - IN getAll - 12 appliance found
2023-02-21 15:32:23.928 [JavaFX Application Thread] INFO  org.lukashchuk.appll.services.ApplianceService - IN sumPower - 205 power sum
2023-02-21 15:32:24.089 [JavaFX Application Thread] INFO  org.lukashchuk.appll.services.ApplianceService - IN getAll - 12 appliance found
2023-02-21 15:32:24.094 [JavaFX Application Thread] INFO  org.lukashchuk.appll.services.ApplianceService - IN sumPower - 205 power sum
2023-02-21 15:32:24.244 [JavaFX Application Thread] INFO  org.lukashchuk.appll.services.ApplianceService - IN getAll - 12 appliance found
2023-02-21 15:32:24.257 [JavaFX Application Thread] INFO  org.lukashchuk.appll.services.ApplianceService - IN sumPower - 205 power sum
2023-02-21 15:32:24.406 [JavaFX Application Thread] INFO  org.lukashchuk.appll.services.ApplianceService - IN getAll - 12 appliance found
2023-02-21 15:32:24.411 [JavaFX Application Thread] INFO  org.lukashchuk.appll.services.ApplianceService - IN sumPower - 205 power sum
2023-02-21 15:32:24.564 [JavaFX Application Thread] INFO  org.lukashchuk.appll.services.ApplianceService - IN getAll - 12 appliance found
2023-02-21 15:32:24.569 [JavaFX Application Thread] INFO  org.lukashchuk.appll.services.ApplianceService - IN sumPower - 205 power sum
2023-02-21 15:32:24.718 [JavaFX Application Thread] INFO  org.lukashchuk.appll.services.ApplianceService - IN getAll - 12 appliance found
2023-02-21 15:32:24.723 [JavaFX Application Thread] INFO  org.lukashchuk.appll.services.ApplianceService - IN sumPower - 205 power sum
2023-02-21 15:44:14.686 [JavaFX Application Thread] INFO  org.lukashchuk.appll.services.ApplianceService - IN getAll - 12 appliance found
2023-02-21 15:44:14.697 [JavaFX Application Thread] INFO  org.lukashchuk.appll.services.ApplianceService - IN sumPower - 205 power sum
2023-02-21 15:44:20.998 [JavaFX Application Thread] INFO  org.lukashchuk.appll.services.ApplianceService - IN add - 34 appliance added
2023-02-21 15:48:34.816 [JavaFX Application Thread] INFO  org.lukashchuk.appll.services.ApplianceService - IN getAll - 13 appliance found
2023-02-21 15:48:34.825 [JavaFX Application Thread] INFO  org.lukashchuk.appll.services.ApplianceService - IN sumPower - 205 power sum
2023-02-21 15:48:46.397 [JavaFX Application Thread] INFO  org.lukashchuk.appll.services.ApplianceService - IN add - 23 appliance added
2023-02-21 15:50:12.007 [JavaFX Application Thread] INFO  org.lukashchuk.appll.services.ApplianceService - IN getAll - 14 appliance found
2023-02-21 15:50:12.015 [JavaFX Application Thread] INFO  org.lukashchuk.appll.services.ApplianceService - IN sumPower - 205 power sum
2023-02-21 15:50:17.201 [JavaFX Application Thread] INFO  org.lukashchuk.appll.services.ApplianceService - IN add - 4 appliance added
2023-02-21 15:50:37.914 [JavaFX Application Thread] INFO  org.lukashchuk.appll.services.ApplianceService - IN getAll - 15 appliance found
2023-02-21 15:50:37.922 [JavaFX Application Thread] INFO  org.lukashchuk.appll.services.ApplianceService - IN sumPower - 205 power sum
2023-02-21 15:51:06.842 [JavaFX Application Thread] INFO  org.lukashchuk.appll.services.ApplianceService - IN add - 7 appliance added
2023-02-21 15:56:36.773 [JavaFX Application Thread] INFO  org.lukashchuk.appll.services.ApplianceService - IN getAll - 16 appliance found
2023-02-21 15:56:36.782 [JavaFX Application Thread] INFO  org.lukashchuk.appll.services.ApplianceService - IN sumPower - 205 power sum
2023-02-21 15:56:40.923 [JavaFX Application Thread] INFO  org.lukashchuk.appll.services.ApplianceService - IN delete - 25 appliance deleted
2023-02-21 15:56:40.927 [JavaFX Application Thread] INFO  org.lukashchuk.appll.services.ApplianceService - IN getAll - 15 appliance found
2023-02-21 15:56:40.933 [JavaFX Application Thread] INFO  org.lukashchuk.appll.services.ApplianceService - IN sumPower - 205 power sum
2023-02-21 15:56:43.856 [JavaFX Application Thread] INFO  org.lukashchuk.appll.services.ApplianceService - IN add - 22 appliance updated
2023-02-21 15:56:43.860 [JavaFX Application Thread] INFO  org.lukashchuk.appll.services.ApplianceService - IN getAll - 15 appliance found
2023-02-21 15:56:43.866 [JavaFX Application Thread] INFO  org.lukashchuk.appll.services.ApplianceService - IN sumPower - 259 power sum
2023-02-21 15:56:45.366 [JavaFX Application Thread] INFO  org.lukashchuk.appll.services.ApplianceService - IN add - 21 appliance updated
2023-02-21 15:56:45.369 [JavaFX Application Thread] INFO  org.lukashchuk.appll.services.ApplianceService - IN getAll - 15 appliance found
2023-02-21 15:56:45.375 [JavaFX Application Thread] INFO  org.lukashchuk.appll.services.ApplianceService - IN sumPower - 261 power sum
2023-02-21 15:56:48.911 [JavaFX Application Thread] INFO  org.lukashchuk.appll.services.ApplianceService - IN add - 21 appliance updated
2023-02-21 15:56:48.915 [JavaFX Application Thread] INFO  org.lukashchuk.appll.services.ApplianceService - IN getAll - 15 appliance found
2023-02-21 15:56:48.921 [JavaFX Application Thread] INFO  org.lukashchuk.appll.services.ApplianceService - IN sumPower - 259 power sum
2023-02-21 15:56:52.743 [JavaFX Application Thread] INFO  org.lukashchuk.appll.services.ApplianceService - IN add - 16 appliance updated
2023-02-21 15:56:52.746 [JavaFX Application Thread] INFO  org.lukashchuk.appll.services.ApplianceService - IN getAll - 15 appliance found
2023-02-21 15:56:52.750 [JavaFX Application Thread] INFO  org.lukashchuk.appll.services.ApplianceService - IN sumPower - 559 power sum
2023-02-21 15:57:34.912 [JavaFX Application Thread] INFO  org.lukashchuk.appll.services.ApplianceService - IN getAll - 15 appliance found
2023-02-21 15:57:34.921 [JavaFX Application Thread] INFO  org.lukashchuk.appll.services.ApplianceService - IN sumPower - 559 power sum
2023-02-21 15:57:39.428 [JavaFX Application Thread] INFO  org.lukashchuk.appll.services.ApplianceService - IN getAll - 15 appliance found
2023-02-21 15:57:39.434 [JavaFX Application Thread] INFO  org.lukashchuk.appll.services.ApplianceService - IN sumPower - 559 power sum
2023-02-21 15:57:45.502 [JavaFX Application Thread] INFO  org.lukashchuk.appll.services.ApplianceService - IN delete - 23 appliance deleted
2023-02-21 15:57:45.505 [JavaFX Application Thread] INFO  org.lukashchuk.appll.services.ApplianceService - IN getAll - 14 appliance found
2023-02-21 15:57:45.511 [JavaFX Application Thread] INFO  org.lukashchuk.appll.services.ApplianceService - IN sumPower - 559 power sum
2023-02-21 15:57:47.418 [JavaFX Application Thread] INFO  org.lukashchuk.appll.services.ApplianceService - IN add - 22 appliance updated
2023-02-21 15:57:47.421 [JavaFX Application Thread] INFO  org.lukashchuk.appll.services.ApplianceService - IN getAll - 14 appliance found
2023-02-21 15:57:47.426 [JavaFX Application Thread] INFO  org.lukashchuk.appll.services.ApplianceService - IN sumPower - 505 power sum
2023-02-21 16:12:44.831 [JavaFX Application Thread] INFO  org.lukashchuk.appll.services.ApplianceService - IN getAll - 14 appliance found
2023-02-21 16:12:44.840 [JavaFX Application Thread] INFO  org.lukashchuk.appll.services.ApplianceService - IN sumPower - 505 power sum
2023-02-21 16:12:50.047 [JavaFX Application Thread] INFO  org.lukashchuk.appll.services.ApplianceService - IN add - 1 appliance added
2023-02-21 16:13:04.060 [JavaFX Application Thread] INFO  org.lukashchuk.appll.services.ApplianceService - IN add - 1 appliance added
2023-02-21 16:13:04.231 [JavaFX Application Thread] INFO  org.lukashchuk.appll.services.ApplianceService - IN add - 1 appliance added
2023-02-21 16:13:09.989 [JavaFX Application Thread] INFO  org.lukashchuk.appll.services.ApplianceService - IN getAll - 17 appliance found
2023-02-21 16:13:09.995 [JavaFX Application Thread] INFO  org.lukashchuk.appll.services.ApplianceService - IN sumPower - 505 power sum
2023-02-21 16:13:24.054 [JavaFX Application Thread] INFO  org.lukashchuk.appll.services.ApplianceService - IN getAll - 17 appliance found
2023-02-21 16:13:24.062 [JavaFX Application Thread] INFO  org.lukashchuk.appll.services.ApplianceService - IN sumPower - 505 power sum
2023-02-21 16:13:33.489 [JavaFX Application Thread] INFO  org.lukashchuk.appll.services.ApplianceService - IN add - 2 appliance added
2023-02-21 16:13:59.492 [JavaFX Application Thread] INFO  org.lukashchuk.appll.services.ApplianceService - IN getAll - 18 appliance found
2023-02-21 16:13:59.501 [JavaFX Application Thread] INFO  org.lukashchuk.appll.services.ApplianceService - IN sumPower - 505 power sum
2023-02-21 16:14:04.632 [JavaFX Application Thread] INFO  org.lukashchuk.appll.services.ApplianceService - IN add - 3 appliance added
2023-02-21 16:14:05.671 [JavaFX Application Thread] INFO  org.lukashchuk.appll.services.ApplianceService - IN add - 3 appliance added
2023-02-21 16:14:05.814 [JavaFX Application Thread] INFO  org.lukashchuk.appll.services.ApplianceService - IN add - 3 appliance added
2023-02-21 16:14:08.562 [JavaFX Application Thread] INFO  org.lukashchuk.appll.services.ApplianceService - IN getAll - 21 appliance found
2023-02-21 16:14:08.570 [JavaFX Application Thread] INFO  org.lukashchuk.appll.services.ApplianceService - IN sumPower - 505 power sum
2023-02-21 16:14:35.501 [JavaFX Application Thread] INFO  org.lukashchuk.appll.services.ApplianceService - IN getAll - 21 appliance found
2023-02-21 16:14:35.510 [JavaFX Application Thread] INFO  org.lukashchuk.appll.services.ApplianceService - IN sumPower - 505 power sum
2023-02-21 16:14:39.820 [JavaFX Application Thread] INFO  org.lukashchuk.appll.services.ApplianceService - IN add - 7 appliance added
2023-02-21 16:14:41.446 [JavaFX Application Thread] INFO  org.lukashchuk.appll.services.ApplianceService - IN getAll - 22 appliance found
2023-02-21 16:14:41.461 [JavaFX Application Thread] INFO  org.lukashchuk.appll.services.ApplianceService - IN sumPower - 505 power sum
2023-02-21 16:14:55.841 [JavaFX Application Thread] INFO  org.lukashchuk.appll.services.ApplianceService - IN getAll - 22 appliance found
2023-02-21 16:14:55.850 [JavaFX Application Thread] INFO  org.lukashchuk.appll.services.ApplianceService - IN sumPower - 505 power sum
2023-02-21 16:15:01.245 [JavaFX Application Thread] INFO  org.lukashchuk.appll.services.ApplianceService - IN add - 8 appliance added
2023-02-21 16:15:06.660 [JavaFX Application Thread] INFO  org.lukashchuk.appll.services.ApplianceService - IN add - 9 appliance added
2023-02-21 16:15:07.653 [JavaFX Application Thread] INFO  org.lukashchuk.appll.services.ApplianceService - IN getAll - 24 appliance found
2023-02-21 16:15:07.659 [JavaFX Application Thread] INFO  org.lukashchuk.appll.services.ApplianceService - IN sumPower - 505 power sum
2023-02-21 16:30:24.715 [JavaFX Application Thread] INFO  org.lukashchuk.appll.services.ApplianceService - IN getAll - 24 appliance found
2023-02-21 16:30:24.725 [JavaFX Application Thread] INFO  org.lukashchuk.appll.services.ApplianceService - IN sumPower - 505 power sum
2023-02-21 16:31:17.061 [JavaFX Application Thread] INFO  org.lukashchuk.appll.services.ApplianceService - IN getAll - 24 appliance found
2023-02-21 16:31:17.069 [JavaFX Application Thread] INFO  org.lukashchuk.appll.services.ApplianceService - IN sumPower - 505 power sum
2023-02-21 16:32:02.406 [JavaFX Application Thread] INFO  org.lukashchuk.appll.services.ApplianceService - IN getAll - 24 appliance found
2023-02-21 16:32:02.415 [JavaFX Application Thread] INFO  org.lukashchuk.appll.services.ApplianceService - IN sumPower - 505 power sum
2023-02-21 16:32:15.327 [JavaFX Application Thread] INFO  org.lukashchuk.appll.services.ApplianceService - IN getAll - 24 appliance found
2023-02-21 16:32:15.333 [JavaFX Application Thread] INFO  org.lukashchuk.appll.services.ApplianceService - IN sumPower - 505 power sum
2023-02-21 16:32:18.236 [JavaFX Application Thread] INFO  org.lukashchuk.appll.services.ApplianceService - IN getAll - 24 appliance found
2023-02-21 16:32:18.243 [JavaFX Application Thread] INFO  org.lukashchuk.appll.services.ApplianceService - IN sumPower - 505 power sum
2023-02-21 16:32:26.076 [JavaFX Application Thread] INFO  org.lukashchuk.appll.services.ApplianceService - IN getAll - 24 appliance found
2023-02-21 16:32:26.090 [JavaFX Application Thread] INFO  org.lukashchuk.appll.services.ApplianceService - IN sumPower - 505 power sum
2023-02-21 16:49:23.100 [JavaFX Application Thread] INFO  org.lukashchuk.appll.services.ApplianceService - IN getAll - 24 appliance found
2023-02-21 16:49:23.109 [JavaFX Application Thread] INFO  org.lukashchuk.appll.services.ApplianceService - IN sumPower - 505 power sum
2023-02-21 16:49:52.141 [JavaFX Application Thread] INFO  org.lukashchuk.appll.services.ApplianceService - IN getAll - 24 appliance found
2023-02-21 16:49:52.158 [JavaFX Application Thread] INFO  org.lukashchuk.appll.services.ApplianceService - IN sumPower - 505 power sum
2023-02-21 16:50:10.274 [JavaFX Application Thread] INFO  org.lukashchuk.appll.services.ApplianceService - IN getAll - 24 appliance found
2023-02-21 16:50:10.285 [JavaFX Application Thread] INFO  org.lukashchuk.appll.services.ApplianceService - IN sumPower - 505 power sum
2023-02-21 16:50:13.321 [JavaFX Application Thread] INFO  org.lukashchuk.appll.services.ApplianceService - IN getAll - 24 appliance found
2023-02-21 16:50:13.335 [JavaFX Application Thread] INFO  org.lukashchuk.appll.services.ApplianceService - IN sumPower - 505 power sum
2023-02-21 16:50:14.206 [JavaFX Application Thread] INFO  org.lukashchuk.appll.services.ApplianceService - IN getAll - 24 appliance found
2023-02-21 16:50:14.213 [JavaFX Application Thread] INFO  org.lukashchuk.appll.services.ApplianceService - IN sumPower - 505 power sum
2023-02-21 16:51:01.925 [JavaFX Application Thread] INFO  org.lukashchuk.appll.services.ApplianceService - IN getAll - 24 appliance found
2023-02-21 16:51:01.933 [JavaFX Application Thread] INFO  org.lukashchuk.appll.services.ApplianceService - IN sumPower - 505 power sum
2023-02-21 17:34:59.100 [JavaFX Application Thread] INFO  org.lukashchuk.appll.services.ApplianceService - IN getAll - 24 appliance found
2023-02-21 17:34:59.110 [JavaFX Application Thread] INFO  org.lukashchuk.appll.services.ApplianceService - IN sumPower - 505 power sum
2023-02-21 17:35:05.930 [JavaFX Application Thread] INFO  org.lukashchuk.appll.services.ApplianceService - IN getAll - 24 appliance found
2023-02-21 17:35:05.936 [JavaFX Application Thread] INFO  org.lukashchuk.appll.services.ApplianceService - IN sumPower - 505 power sum
2023-02-21 17:35:08.929 [JavaFX Application Thread] INFO  org.lukashchuk.appll.services.ApplianceService - IN getAll - 24 appliance found
2023-02-21 17:35:08.936 [JavaFX Application Thread] INFO  org.lukashchuk.appll.services.ApplianceService - IN sumPower - 505 power sum
2023-02-21 17:35:15.586 [JavaFX Application Thread] INFO  org.lukashchuk.appll.services.ApplianceService - IN getAll - 24 appliance found
2023-02-21 17:35:15.592 [JavaFX Application Thread] INFO  org.lukashchuk.appll.services.ApplianceService - IN sumPower - 505 power sum
2023-02-21 17:36:52.937 [JavaFX Application Thread] INFO  org.lukashchuk.appll.services.ApplianceService - IN getAll - 24 appliance found
2023-02-21 17:36:52.946 [JavaFX Application Thread] INFO  org.lukashchuk.appll.services.ApplianceService - IN sumPower - 505 power sum
2023-02-21 17:54:37.185 [JavaFX Application Thread] INFO  org.lukashchuk.appll.services.ApplianceService - IN getAll - 24 appliance found
2023-02-21 17:54:37.193 [JavaFX Application Thread] INFO  org.lukashchuk.appll.services.ApplianceService - IN sumPower - 505 power sum
2023-02-21 17:54:37.198 [JavaFX Application Thread] INFO  org.lukashchuk.appll.services.ApplianceService - IN getAll - 24 appliance found
2023-02-21 17:54:42.553 [JavaFX Application Thread] INFO  org.lukashchuk.appll.services.ApplianceService - IN getAll - 24 appliance found
2023-02-21 17:54:42.559 [JavaFX Application Thread] INFO  org.lukashchuk.appll.services.ApplianceService - IN sumPower - 505 power sum
2023-02-21 22:40:13.903 [JavaFX Application Thread] INFO  org.lukashchuk.appll.services.ApplianceService - IN getAll - 24 appliance found
2023-02-21 22:40:13.922 [JavaFX Application Thread] INFO  org.lukashchuk.appll.services.ApplianceService - IN sumPower - 505 power sum
2023-02-21 22:40:22.431 [JavaFX Application Thread] INFO  org.lukashchuk.appll.services.ApplianceService - IN getAll - 24 appliance found
2023-02-21 22:40:22.443 [JavaFX Application Thread] INFO  org.lukashchuk.appll.services.ApplianceService - IN sumPower - 505 power sum
2023-02-21 22:40:22.448 [JavaFX Application Thread] INFO  org.lukashchuk.appll.services.ApplianceService - IN getAll - 24 appliance found
2023-02-21 22:42:19.472 [JavaFX Application Thread] INFO  org.lukashchuk.appll.services.ApplianceService - IN getAll - 24 appliance found
2023-02-21 22:42:19.482 [JavaFX Application Thread] INFO  org.lukashchuk.appll.services.ApplianceService - IN sumPower - 505 power sum
2023-02-21 22:42:19.488 [JavaFX Application Thread] INFO  org.lukashchuk.appll.services.ApplianceService - IN getAll - 24 appliance found
2023-02-21 22:42:58.739 [JavaFX Application Thread] INFO  org.lukashchuk.appll.services.ApplianceService - IN getAll - 24 appliance found
2023-02-21 22:42:58.750 [JavaFX Application Thread] INFO  org.lukashchuk.appll.services.ApplianceService - IN sumPower - 505 power sum
2023-02-21 22:42:58.756 [JavaFX Application Thread] INFO  org.lukashchuk.appll.services.ApplianceService - IN getAll - 24 appliance found
2023-02-21 22:43:05.271 [JavaFX Application Thread] INFO  org.lukashchuk.appll.services.ApplianceService - IN getAll - 24 appliance found
2023-02-21 22:43:05.278 [JavaFX Application Thread] INFO  org.lukashchuk.appll.services.ApplianceService - IN sumPower - 505 power sum
2023-02-21 22:43:15.155 [JavaFX Application Thread] INFO  org.lukashchuk.appll.services.ApplianceService - IN getAll - 24 appliance found
2023-02-21 22:43:15.164 [JavaFX Application Thread] INFO  org.lukashchuk.appll.services.ApplianceService - IN sumPower - 505 power sum
2023-02-21 22:43:15.169 [JavaFX Application Thread] INFO  org.lukashchuk.appll.services.ApplianceService - IN getAll - 24 appliance found
2023-02-21 22:43:20.788 [JavaFX Application Thread] INFO  org.lukashchuk.appll.services.ApplianceService - IN getAll - 24 appliance found
2023-02-21 22:43:20.797 [JavaFX Application Thread] INFO  org.lukashchuk.appll.services.ApplianceService - IN sumPower - 505 power sum
2023-02-21 22:55:54.676 [JavaFX Application Thread] INFO  org.lukashchuk.appll.services.ApplianceService - IN getAll - 24 appliance found
2023-02-21 22:55:54.686 [JavaFX Application Thread] INFO  org.lukashchuk.appll.services.ApplianceService - IN sumPower - 505 power sum
2023-02-21 22:55:54.691 [JavaFX Application Thread] INFO  org.lukashchuk.appll.services.ApplianceService - IN getAll - 24 appliance found
2023-02-21 22:56:04.404 [JavaFX Application Thread] INFO  org.lukashchuk.appll.services.ApplianceService - IN getAll - 24 appliance found
2023-02-21 22:56:04.411 [JavaFX Application Thread] INFO  org.lukashchuk.appll.services.ApplianceService - IN sumPower - 505 power sum
2023-02-21 22:56:58.951 [JavaFX Application Thread] INFO  org.lukashchuk.appll.services.ApplianceService - IN getAll - 24 appliance found
2023-02-21 22:56:58.961 [JavaFX Application Thread] INFO  org.lukashchuk.appll.services.ApplianceService - IN sumPower - 505 power sum
2023-02-21 22:56:58.966 [JavaFX Application Thread] INFO  org.lukashchuk.appll.services.ApplianceService - IN getAll - 24 appliance found
2023-02-21 22:57:03.381 [JavaFX Application Thread] INFO  org.lukashchuk.appll.services.ApplianceService - IN getAll - 24 appliance found
2023-02-21 22:57:03.389 [JavaFX Application Thread] INFO  org.lukashchuk.appll.services.ApplianceService - IN sumPower - 505 power sum
2023-02-21 22:58:08.158 [JavaFX Application Thread] INFO  org.lukashchuk.appll.services.ApplianceService - IN getAll - 24 appliance found
2023-02-21 22:58:08.168 [JavaFX Application Thread] INFO  org.lukashchuk.appll.services.ApplianceService - IN sumPower - 505 power sum
2023-02-21 22:58:08.173 [JavaFX Application Thread] INFO  org.lukashchuk.appll.services.ApplianceService - IN getAll - 24 appliance found
2023-02-21 22:58:13.892 [JavaFX Application Thread] INFO  org.lukashchuk.appll.services.ApplianceService - IN getAll - 24 appliance found
2023-02-21 22:58:13.899 [JavaFX Application Thread] INFO  org.lukashchuk.appll.services.ApplianceService - IN sumPower - 505 power sum
2023-02-21 22:58:21.246 [JavaFX Application Thread] INFO  org.lukashchuk.appll.services.ApplianceService - IN getAll - 24 appliance found
2023-02-21 22:58:21.254 [JavaFX Application Thread] INFO  org.lukashchuk.appll.services.ApplianceService - IN sumPower - 505 power sum
2023-02-21 22:58:21.259 [JavaFX Application Thread] INFO  org.lukashchuk.appll.services.ApplianceService - IN getAll - 24 appliance found
2023-02-21 22:58:27.044 [JavaFX Application Thread] INFO  org.lukashchuk.appll.services.ApplianceService - IN getAll - 24 appliance found
2023-02-21 22:58:27.060 [JavaFX Application Thread] INFO  org.lukashchuk.appll.services.ApplianceService - IN sumPower - 505 power sum
2023-02-21 22:58:36.577 [JavaFX Application Thread] INFO  org.lukashchuk.appll.services.ApplianceService - IN getAll - 24 appliance found
2023-02-21 22:58:36.583 [JavaFX Application Thread] INFO  org.lukashchuk.appll.services.ApplianceService - IN sumPower - 505 power sum
2023-02-21 23:04:06.433 [JavaFX Application Thread] INFO  org.lukashchuk.appll.services.ApplianceService - IN getAll - 24 appliance found
2023-02-21 23:04:06.444 [JavaFX Application Thread] INFO  org.lukashchuk.appll.services.ApplianceService - IN sumPower - 505 power sum
2023-02-21 23:04:06.449 [JavaFX Application Thread] INFO  org.lukashchuk.appll.services.ApplianceService - IN getAll - 24 appliance found
2023-02-21 23:04:11.119 [JavaFX Application Thread] INFO  org.lukashchuk.appll.services.ApplianceService - IN getAll - 24 appliance found
2023-02-21 23:04:11.127 [JavaFX Application Thread] INFO  org.lukashchuk.appll.services.ApplianceService - IN sumPower - 505 power sum
2023-02-21 23:04:46.383 [JavaFX Application Thread] INFO  org.lukashchuk.appll.services.ApplianceService - IN getAll - 24 appliance found
2023-02-21 23:04:46.392 [JavaFX Application Thread] INFO  org.lukashchuk.appll.services.ApplianceService - IN sumPower - 505 power sum
2023-02-21 23:04:46.397 [JavaFX Application Thread] INFO  org.lukashchuk.appll.services.ApplianceService - IN getAll - 24 appliance found
2023-02-21 23:04:51.854 [JavaFX Application Thread] INFO  org.lukashchuk.appll.services.ApplianceService - IN getAll - 24 appliance found
2023-02-21 23:04:51.862 [JavaFX Application Thread] INFO  org.lukashchuk.appll.services.ApplianceService - IN sumPower - 505 power sum
2023-02-21 23:05:09.116 [JavaFX Application Thread] INFO  org.lukashchuk.appll.services.ApplianceService - IN getAll - 24 appliance found
2023-02-21 23:05:09.126 [JavaFX Application Thread] INFO  org.lukashchuk.appll.services.ApplianceService - IN sumPower - 505 power sum
2023-02-21 23:05:09.131 [JavaFX Application Thread] INFO  org.lukashchuk.appll.services.ApplianceService - IN getAll - 24 appliance found
2023-02-21 23:05:12.926 [JavaFX Application Thread] INFO  org.lukashchuk.appll.services.ApplianceService - IN getAll - 24 appliance found
2023-02-21 23:05:12.935 [JavaFX Application Thread] INFO  org.lukashchuk.appll.services.ApplianceService - IN sumPower - 505 power sum
2023-02-21 23:05:16.673 [JavaFX Application Thread] INFO  org.lukashchuk.appll.services.ApplianceService - IN getAll - 24 appliance found
2023-02-21 23:05:16.681 [JavaFX Application Thread] INFO  org.lukashchuk.appll.services.ApplianceService - IN sumPower - 505 power sum
2023-02-21 23:05:33.687 [JavaFX Application Thread] INFO  org.lukashchuk.appll.services.ApplianceService - IN getAll - 24 appliance found
2023-02-21 23:05:33.696 [JavaFX Application Thread] INFO  org.lukashchuk.appll.services.ApplianceService - IN sumPower - 505 power sum
2023-02-21 23:05:33.701 [JavaFX Application Thread] INFO  org.lukashchuk.appll.services.ApplianceService - IN getAll - 24 appliance found
2023-02-21 23:05:37.915 [JavaFX Application Thread] INFO  org.lukashchuk.appll.services.ApplianceService - IN delete - 35 appliance deleted
2023-02-21 23:05:37.919 [JavaFX Application Thread] INFO  org.lukashchuk.appll.services.ApplianceService - IN getAll - 23 appliance found
2023-02-21 23:05:37.926 [JavaFX Application Thread] INFO  org.lukashchuk.appll.services.ApplianceService - IN sumPower - 505 power sum
2023-02-21 23:05:55.783 [JavaFX Application Thread] INFO  org.lukashchuk.appll.services.ApplianceService - IN add - 123 appliance added
2023-02-21 23:06:01.619 [JavaFX Application Thread] INFO  org.lukashchuk.appll.services.ApplianceService - IN getAll - 24 appliance found
2023-02-21 23:06:01.627 [JavaFX Application Thread] INFO  org.lukashchuk.appll.services.ApplianceService - IN sumPower - 505 power sum
2023-02-21 23:06:33.595 [JavaFX Application Thread] INFO  org.lukashchuk.appll.services.ApplianceService - IN getAll - 24 appliance found
2023-02-21 23:06:33.603 [JavaFX Application Thread] INFO  org.lukashchuk.appll.services.ApplianceService - IN sumPower - 505 power sum
2023-02-21 23:06:33.608 [JavaFX Application Thread] INFO  org.lukashchuk.appll.services.ApplianceService - IN getAll - 24 appliance found
2023-02-21 23:06:46.877 [JavaFX Application Thread] INFO  org.lukashchuk.appll.services.ApplianceService - IN add - 2333 appliance added
2023-02-21 23:07:48.507 [JavaFX Application Thread] INFO  org.lukashchuk.appll.services.ApplianceService - IN add - 2 appliance added
2023-02-21 23:08:05.280 [JavaFX Application Thread] INFO  org.lukashchuk.appll.services.ApplianceService - IN getAll - 26 appliance found
2023-02-21 23:08:05.288 [JavaFX Application Thread] INFO  org.lukashchuk.appll.services.ApplianceService - IN sumPower - 505 power sum
2023-02-21 23:08:05.298 [JavaFX Application Thread] INFO  org.lukashchuk.appll.services.ApplianceService - IN getAll - 26 appliance found
2023-02-21 23:08:11.254 [JavaFX Application Thread] INFO  org.lukashchuk.appll.services.ApplianceService - IN add - 2 appliance added
2023-02-21 23:09:22.952 [JavaFX Application Thread] INFO  org.lukashchuk.appll.services.ApplianceService - IN getAll - 27 appliance found
2023-02-21 23:09:22.958 [JavaFX Application Thread] INFO  org.lukashchuk.appll.services.ApplianceService - IN sumPower - 505 power sum
2023-02-21 23:17:21.271 [JavaFX Application Thread] INFO  org.lukashchuk.appll.services.ApplianceService - IN getAll - 27 appliance found
2023-02-21 23:17:21.282 [JavaFX Application Thread] INFO  org.lukashchuk.appll.services.ApplianceService - IN sumPower - 505 power sum
2023-02-21 23:17:21.292 [JavaFX Application Thread] INFO  org.lukashchuk.appll.services.ApplianceService - IN getAll - 27 appliance found
2023-02-21 23:17:30.580 [JavaFX Application Thread] INFO  org.lukashchuk.appll.services.ApplianceService - IN add - 22 appliance added
2023-02-21 23:17:31.860 [JavaFX Application Thread] INFO  org.lukashchuk.appll.services.ApplianceService - IN getAll - 28 appliance found
2023-02-21 23:17:31.866 [JavaFX Application Thread] INFO  org.lukashchuk.appll.services.ApplianceService - IN sumPower - 505 power sum
2023-02-21 23:20:22.625 [JavaFX Application Thread] INFO  org.lukashchuk.appll.services.ApplianceService - IN getAll - 28 appliance found
2023-02-21 23:20:22.635 [JavaFX Application Thread] INFO  org.lukashchuk.appll.services.ApplianceService - IN sumPower - 505 power sum
2023-02-21 23:20:22.646 [JavaFX Application Thread] INFO  org.lukashchuk.appll.services.ApplianceService - IN getAll - 28 appliance found
2023-02-21 23:20:30.867 [JavaFX Application Thread] INFO  org.lukashchuk.appll.services.ApplianceService - IN add - 1 appliance added
2023-02-21 23:20:30.878 [JavaFX Application Thread] INFO  org.lukashchuk.appll.services.ApplianceService - IN getAll - 29 appliance found
2023-02-21 23:20:30.884 [JavaFX Application Thread] INFO  org.lukashchuk.appll.services.ApplianceService - IN sumPower - 505 power sum
2023-02-21 23:28:13.765 [JavaFX Application Thread] INFO  org.lukashchuk.appll.services.ApplianceService - IN getAll - 29 appliance found
2023-02-21 23:28:13.776 [JavaFX Application Thread] INFO  org.lukashchuk.appll.services.ApplianceService - IN sumPower - 505 power sum
2023-02-21 23:28:13.785 [JavaFX Application Thread] INFO  org.lukashchuk.appll.services.ApplianceService - IN getAll - 29 appliance found
2023-02-21 23:28:40.028 [JavaFX Application Thread] INFO  org.lukashchuk.appll.services.ApplianceService - IN getAll - 29 appliance found
2023-02-21 23:28:40.040 [JavaFX Application Thread] INFO  org.lukashchuk.appll.services.ApplianceService - IN sumPower - 505 power sum
2023-02-21 23:28:40.050 [JavaFX Application Thread] INFO  org.lukashchuk.appll.services.ApplianceService - IN getAll - 29 appliance found
2023-02-21 23:29:22.057 [JavaFX Application Thread] INFO  org.lukashchuk.appll.services.ApplianceService - IN getAll - 29 appliance found
2023-02-21 23:29:22.066 [JavaFX Application Thread] INFO  org.lukashchuk.appll.services.ApplianceService - IN sumPower - 505 power sum
2023-02-21 23:29:22.072 [JavaFX Application Thread] INFO  org.lukashchuk.appll.services.ApplianceService - IN getAll - 29 appliance found
2023-02-21 23:29:32.553 [JavaFX Application Thread] INFO  org.lukashchuk.appll.services.ApplianceService - IN getAll - 29 appliance found
2023-02-21 23:29:32.563 [JavaFX Application Thread] INFO  org.lukashchuk.appll.services.ApplianceService - IN sumPower - 505 power sum
2023-02-21 23:29:32.574 [JavaFX Application Thread] INFO  org.lukashchuk.appll.services.ApplianceService - IN getAll - 29 appliance found
2023-02-21 23:31:58.502 [JavaFX Application Thread] INFO  org.lukashchuk.appll.services.ApplianceService - IN getAll - 29 appliance found
2023-02-21 23:31:58.512 [JavaFX Application Thread] INFO  org.lukashchuk.appll.services.ApplianceService - IN sumPower - 505 power sum
2023-02-21 23:31:58.522 [JavaFX Application Thread] INFO  org.lukashchuk.appll.services.ApplianceService - IN getAll - 29 appliance found
2023-02-21 23:35:55.421 [JavaFX Application Thread] INFO  org.lukashchuk.appll.services.ApplianceService - IN getAll - 29 appliance found
2023-02-21 23:35:55.432 [JavaFX Application Thread] INFO  org.lukashchuk.appll.services.ApplianceService - IN sumPower - 505 power sum
2023-02-21 23:35:55.442 [JavaFX Application Thread] INFO  org.lukashchuk.appll.services.ApplianceService - IN getAll - 29 appliance found
